#
# There is insufficient memory for the Java Runtime Environment to continue.
# Native memory allocation (malloc) failed to allocate 1060416 bytes for Chunk::new
# Possible reasons:
#   The system is out of physical RAM or swap space
#   The process is running with CompressedOops enabled, and the Java Heap may be blocking the growth of the native heap
# Possible solutions:
#   Reduce memory load on the system
#   Increase physical memory or swap space
#   Check if swap backing store is full
#   Decrease Java heap size (-Xmx/-Xms)
#   Decrease number of Java threads
#   Decrease Java thread stack sizes (-Xss)
#   Set larger code cache with -XX:ReservedCodeCacheSize=
#   JVM is running with Unscaled Compressed Oops mode in which the Java heap is
#     placed in the first 4GB address space. The Java Heap base address is the
#     maximum limit for the native heap growth. Please use -XX:HeapBaseMinAddress
#     to set the Java Heap base and to place the Java Heap above 4GB virtual address.
# This output file may be truncated or incomplete.
#
#  Out of Memory Error (./src/hotspot/share/memory/arena.cpp:197), pid=11616, tid=1312
#
# JRE version: OpenJDK Runtime Environment (11.0.13) (build 11.0.13+0-b1751.21-8125866)
# Java VM: OpenJDK 64-Bit Server VM (11.0.13+0-b1751.21-8125866, mixed mode, tiered, compressed oops, g1 gc, windows-amd64)
# No core dump will be written. Minidumps are not enabled by default on client versions of Windows
#

---------------  S U M M A R Y ------------

Command Line: --add-opens=java.base/java.util=ALL-UNNAMED --add-opens=java.base/java.lang=ALL-UNNAMED --add-opens=java.base/java.lang.invoke=ALL-UNNAMED --add-opens=java.base/java.util=ALL-UNNAMED --add-opens=java.prefs/java.util.prefs=ALL-UNNAMED --add-opens=java.prefs/java.util.prefs=ALL-UNNAMED --add-opens=java.base/java.nio.charset=ALL-UNNAMED --add-opens=java.base/java.net=ALL-UNNAMED --add-opens=java.base/java.util.concurrent.atomic=ALL-UNNAMED -Xmx2048m -Dfile.encoding=UTF-8 -Duser.country=US -Duser.language=en -Duser.variant org.gradle.launcher.daemon.bootstrap.GradleDaemon 7.4

Host: AMD Ryzen 5 5500U with Radeon Graphics         , 12 cores, 5G,  Windows 11 , 64 bit Build 25267 (10.0.25267.1000)
Time: Fri Dec 30 15:55:51 2022 SE Asia Standard Time elapsed time: 8.353552 seconds (0d 0h 0m 8s)

---------------  T H R E A D  ---------------

Current thread (0x0000020b6659a800):  JavaThread "C2 CompilerThread0" daemon [_thread_in_native, id=1312, stack(0x000000700c000000,0x000000700c100000)]


Current CompileTask:
C2:   8353 5967       4       org.objectweb.asm.Frame::execute (2318 bytes)

Stack: [0x000000700c000000,0x000000700c100000]
Native frames: (J=compiled Java code, j=interpreted, Vv=VM code, C=native code)
V  [jvm.dll+0x6100fa]
V  [jvm.dll+0x747090]
V  [jvm.dll+0x7486ad]
V  [jvm.dll+0x748d83]
V  [jvm.dll+0x24ab48]
V  [jvm.dll+0xc04dc]
V  [jvm.dll+0xc0a0c]
V  [jvm.dll+0x2bfab4]
V  [jvm.dll+0x524238]
V  [jvm.dll+0x20b193]
V  [jvm.dll+0x204ca0]
V  [jvm.dll+0x2023c2]
V  [jvm.dll+0x188e01]
V  [jvm.dll+0x21106b]
V  [jvm.dll+0x20f8c1]
V  [jvm.dll+0x70de0f]
V  [jvm.dll+0x706a75]
V  [jvm.dll+0x60ed66]
C  [ucrtbase.dll+0x2b11b]
C  [KERNEL32.DLL+0x13d2d]
C  [ntdll.dll+0x4d838]


---------------  P R O C E S S  ---------------

Threads class SMR info:
_java_thread_list=0x0000020b675405d0, length=166, elements={
0x0000020b492bc000, 0x0000020b65d44800, 0x0000020b65d46800, 0x0000020b65d41000,
0x0000020b66598800, 0x0000020b66599800, 0x0000020b6659a800, 0x0000020b665ac000,
0x0000020b665b1000, 0x0000020b66711800, 0x0000020b67528000, 0x0000020b68005000,
0x0000020b68032000, 0x0000020b67b5f800, 0x0000020b67b60800, 0x0000020b67c01800,
0x0000020b67c02000, 0x0000020b680d6800, 0x0000020b676e1000, 0x0000020b680f4000,
0x0000020b680f1800, 0x0000020b680f4800, 0x0000020b680f3000, 0x0000020b680f0000,
0x0000020b680f0800, 0x0000020b680f2800, 0x0000020b680f5800, 0x0000020b680f6800,
0x0000020b6ae36000, 0x0000020b6ae35000, 0x0000020b6ae36800, 0x0000020b6ae33800,
0x0000020b6ae37800, 0x0000020b6ae38800, 0x0000020b6ae32800, 0x0000020b6ae3d800,
0x0000020b6ae3c800, 0x0000020b6ae3b000, 0x0000020b6ae3e000, 0x0000020b6ae3f000,
0x0000020b6ae39000, 0x0000020b6ae3a000, 0x0000020b6ae3f800, 0x0000020b6ae3b800,
0x0000020b6b2d8000, 0x0000020b6b2d4000, 0x0000020b6b2d5000, 0x0000020b6b2d3800,
0x0000020b6b2d7800, 0x0000020b6b2d6800, 0x0000020b6b2da800, 0x0000020b6b2da000,
0x0000020b6b2db800, 0x0000020b6b2d9000, 0x0000020b6b2d5800, 0x0000020b6b2dd000,
0x0000020b6b2de000, 0x0000020b6b2dc800, 0x0000020b6b2e1000, 0x0000020b6b2de800,
0x0000020b6b2e2000, 0x0000020b6b2df800, 0x0000020b6b2e0800, 0x0000020b68cc9800,
0x0000020b68ccc000, 0x0000020b68ccc800, 0x0000020b68cc7000, 0x0000020b68ccb000,
0x0000020b68ccd800, 0x0000020b68cc7800, 0x0000020b68cce000, 0x0000020b68cc8800,
0x0000020b68ccf000, 0x0000020b68cd0000, 0x0000020b68cca000, 0x0000020b68cd1800,
0x0000020b68cd2800, 0x0000020b68cd0800, 0x0000020b68cd3000, 0x0000020b68cd5000,
0x0000020b68cd4000, 0x0000020b68cd5800, 0x0000020b66a98000, 0x0000020b66a94800,
0x0000020b66a99800, 0x0000020b66a98800, 0x0000020b66a97000, 0x0000020b66a95800,
0x0000020b66a96000, 0x0000020b66a93800, 0x0000020b66a9b000, 0x0000020b66a9c000,
0x0000020b66a9f000, 0x0000020b66a9c800, 0x0000020b66aa0000, 0x0000020b66a9d800,
0x0000020b66a9a800, 0x0000020b66aa1000, 0x0000020b66aa2800, 0x0000020b66a9e800,
0x0000020b66aa1800, 0x0000020b6781b800, 0x0000020b67817800, 0x0000020b67816000,
0x0000020b67818800, 0x0000020b6781c800, 0x0000020b6781b000, 0x0000020b67817000,
0x0000020b6781e000, 0x0000020b67819000, 0x0000020b67820000, 0x0000020b6781f000,
0x0000020b6781a000, 0x0000020b67822000, 0x0000020b67821800, 0x0000020b67823000,
0x0000020b6781d800, 0x0000020b67824000, 0x0000020b67824800, 0x0000020b67820800,
0x0000020b66cfa000, 0x0000020b66cf5800, 0x0000020b66cf6800, 0x0000020b66cfa800,
0x0000020b66cf8000, 0x0000020b66cf7800, 0x0000020b66cf9000, 0x0000020b66cf5000,
0x0000020b66d01000, 0x0000020b66cfb800, 0x0000020b66cfe800, 0x0000020b66cfd000,
0x0000020b66d00800, 0x0000020b66cfc000, 0x0000020b66d03800, 0x0000020b66cfe000,
0x0000020b66d02000, 0x0000020b66cff800, 0x0000020b66d02800, 0x0000020b66671000,
0x0000020b6666e000, 0x0000020b6666f800, 0x0000020b6666e800, 0x0000020b66672000,
0x0000020b66674800, 0x0000020b66676000, 0x0000020b66672800, 0x0000020b66675000,
0x0000020b66673800, 0x0000020b66670800, 0x0000020b6667b800, 0x0000020b6667c800,
0x0000020b66679800, 0x0000020b66678800, 0x0000020b66677000, 0x0000020b6667a000,
0x0000020b6667b000, 0x0000020b66677800, 0x0000020b6776e000, 0x0000020b6776f000,
0x0000020b67773000, 0x0000020b67774000, 0x0000020b67774800, 0x0000020b67772800,
0x0000020b67775800, 0x0000020b67770000
}

Java Threads: ( => current thread )
  0x0000020b492bc000 JavaThread "main" [_thread_blocked, id=18836, stack(0x000000700b400000,0x000000700b500000)]
  0x0000020b65d44800 JavaThread "Reference Handler" daemon [_thread_blocked, id=11284, stack(0x000000700bb00000,0x000000700bc00000)]
  0x0000020b65d46800 JavaThread "Finalizer" daemon [_thread_blocked, id=6600, stack(0x000000700bc00000,0x000000700bd00000)]
  0x0000020b65d41000 JavaThread "Signal Dispatcher" daemon [_thread_blocked, id=20012, stack(0x000000700bd00000,0x000000700be00000)]
  0x0000020b66598800 JavaThread "Attach Listener" daemon [_thread_blocked, id=13948, stack(0x000000700be00000,0x000000700bf00000)]
  0x0000020b66599800 JavaThread "Service Thread" daemon [_thread_blocked, id=18680, stack(0x000000700bf00000,0x000000700c000000)]
=>0x0000020b6659a800 JavaThread "C2 CompilerThread0" daemon [_thread_in_native, id=1312, stack(0x000000700c000000,0x000000700c100000)]
  0x0000020b665ac000 JavaThread "C1 CompilerThread0" daemon [_thread_blocked, id=8400, stack(0x000000700c100000,0x000000700c200000)]
  0x0000020b665b1000 JavaThread "Sweeper thread" daemon [_thread_blocked, id=9580, stack(0x000000700c200000,0x000000700c300000)]
  0x0000020b66711800 JavaThread "Common-Cleaner" daemon [_thread_blocked, id=8312, stack(0x000000700c300000,0x000000700c400000)]
  0x0000020b67528000 JavaThread "Daemon health stats" [_thread_blocked, id=2344, stack(0x000000700c600000,0x000000700c700000)]
  0x0000020b68005000 JavaThread "Incoming local TCP Connector on port 55064" [_thread_in_native, id=17500, stack(0x000000700c700000,0x000000700c800000)]
  0x0000020b68032000 JavaThread "Daemon periodic checks" [_thread_blocked, id=19576, stack(0x000000700c800000,0x000000700c900000)]
  0x0000020b67b5f800 JavaThread "Daemon" [_thread_blocked, id=8248, stack(0x000000700c900000,0x000000700ca00000)]
  0x0000020b67b60800 JavaThread "Handler for socket connection from /127.0.0.1:55064 to /127.0.0.1:55065" [_thread_in_native, id=18408, stack(0x000000700ca00000,0x000000700cb00000)]
  0x0000020b67c01800 JavaThread "Cancel handler" [_thread_blocked, id=18512, stack(0x000000700cb00000,0x000000700cc00000)]
  0x0000020b67c02000 JavaThread "Daemon worker" [_thread_in_native, id=8280, stack(0x000000700cc00000,0x000000700cd00000)]
  0x0000020b680d6800 JavaThread "Asynchronous log dispatcher for DefaultDaemonConnection: socket connection from /127.0.0.1:55064 to /127.0.0.1:55065" [_thread_blocked, id=16884, stack(0x000000700cd00000,0x000000700ce00000)]
  0x0000020b676e1000 JavaThread "Stdin handler" [_thread_blocked, id=18568, stack(0x000000700ce00000,0x000000700cf00000)]
  0x0000020b680f4000 JavaThread "Daemon client event forwarder" [_thread_blocked, id=2504, stack(0x000000700cf00000,0x000000700d000000)]
  0x0000020b680f1800 JavaThread "Cache worker for journal cache (C:\Users\LENOVO\.gradle\caches\journal-1)" [_thread_blocked, id=8944, stack(0x000000700d000000,0x000000700d100000)]
  0x0000020b680f4800 JavaThread "File lock request listener" [_thread_in_native, id=5588, stack(0x000000700d100000,0x000000700d200000)]
  0x0000020b680f3000 JavaThread "Cache worker for file hash cache (C:\Users\LENOVO\.gradle\caches\7.4\fileHashes)" [_thread_blocked, id=19184, stack(0x000000700da00000,0x000000700db00000)]
  0x0000020b680f0000 JavaThread "File watcher server" daemon [_thread_in_native, id=2128, stack(0x000000700dd00000,0x000000700de00000)]
  0x0000020b680f0800 JavaThread "File watcher consumer" daemon [_thread_blocked, id=14740, stack(0x000000700de00000,0x000000700df00000)]
  0x0000020b680f2800 JavaThread "Cache worker for checksums cache (D:\Pemrograman Bergerak\Kalkulator\.gradle\7.4\checksums)" [_thread_blocked, id=9524, stack(0x000000700df00000,0x000000700e000000)]
  0x0000020b680f5800 JavaThread "Cache worker for cache directory md-rule (C:\Users\LENOVO\.gradle\caches\7.4\md-rule)" [_thread_blocked, id=10892, stack(0x000000700e000000,0x000000700e100000)]
  0x0000020b680f6800 JavaThread "Cache worker for file hash cache (D:\Pemrograman Bergerak\Kalkulator\.gradle\7.4\fileHashes)" [_thread_blocked, id=15336, stack(0x000000700e100000,0x000000700e200000)]
  0x0000020b6ae36000 JavaThread "Cache worker for cache directory md-supplier (C:\Users\LENOVO\.gradle\caches\7.4\md-supplier)" [_thread_blocked, id=1272, stack(0x000000700e200000,0x000000700e300000)]
  0x0000020b6ae35000 JavaThread "Cache worker for execution history cache (C:\Users\LENOVO\.gradle\caches\7.4\executionHistory)" [_thread_blocked, id=20132, stack(0x000000700e300000,0x000000700e400000)]
  0x0000020b6ae36800 JavaThread "jar transforms" [_thread_blocked, id=20164, stack(0x000000700e400000,0x000000700e500000)]
  0x0000020b6ae33800 JavaThread "Cache worker for file content cache (C:\Users\LENOVO\.gradle\caches\7.4\fileContent)" [_thread_blocked, id=18956, stack(0x000000700e500000,0x000000700e600000)]
  0x0000020b6ae37800 JavaThread "jar transforms Thread 2" [_thread_blocked, id=10248, stack(0x000000700e600000,0x000000700e700000)]
  0x0000020b6ae38800 JavaThread "Cache worker for dependencies-accessors (D:\Pemrograman Bergerak\Kalkulator\.gradle\7.4\dependencies-accessors)" [_thread_blocked, id=10052, stack(0x000000700e700000,0x000000700e800000)]
  0x0000020b6ae32800 JavaThread "jar transforms Thread 3" [_thread_blocked, id=12148, stack(0x000000700e800000,0x000000700e900000)]
  0x0000020b6ae3d800 JavaThread "Cache worker for Build Output Cleanup Cache (D:\Pemrograman Bergerak\Kalkulator\.gradle\buildOutputCleanup)" [_thread_blocked, id=10748, stack(0x000000700e900000,0x000000700ea00000)]
  0x0000020b6ae3c800 JavaThread "Unconstrained build operations" [_thread_blocked, id=20352, stack(0x000000700ea00000,0x000000700eb00000)]
  0x0000020b6ae3b000 JavaThread "Unconstrained build operations Thread 2" [_thread_blocked, id=19544, stack(0x000000700eb00000,0x000000700ec00000)]
  0x0000020b6ae3e000 JavaThread "Unconstrained build operations Thread 3" [_thread_blocked, id=3856, stack(0x000000700ec00000,0x000000700ed00000)]
  0x0000020b6ae3f000 JavaThread "Unconstrained build operations Thread 4" [_thread_blocked, id=18888, stack(0x000000700ed00000,0x000000700ee00000)]
  0x0000020b6ae39000 JavaThread "Unconstrained build operations Thread 5" [_thread_blocked, id=8200, stack(0x000000700ee00000,0x000000700ef00000)]
  0x0000020b6ae3a000 JavaThread "Unconstrained build operations Thread 6" [_thread_blocked, id=15796, stack(0x000000700ef00000,0x000000700f000000)]
  0x0000020b6ae3f800 JavaThread "Unconstrained build operations Thread 7" [_thread_blocked, id=376, stack(0x000000700f000000,0x000000700f100000)]
  0x0000020b6ae3b800 JavaThread "Unconstrained build operations Thread 8" [_thread_blocked, id=18944, stack(0x000000700f100000,0x000000700f200000)]
  0x0000020b6b2d8000 JavaThread "Unconstrained build operations Thread 9" [_thread_blocked, id=16060, stack(0x000000700f200000,0x000000700f300000)]
  0x0000020b6b2d4000 JavaThread "Unconstrained build operations Thread 10" [_thread_blocked, id=14876, stack(0x000000700f300000,0x000000700f400000)]
  0x0000020b6b2d5000 JavaThread "Unconstrained build operations Thread 11" [_thread_blocked, id=1444, stack(0x000000700f400000,0x000000700f500000)]
  0x0000020b6b2d3800 JavaThread "Unconstrained build operations Thread 12" [_thread_blocked, id=10804, stack(0x000000700f500000,0x000000700f600000)]
  0x0000020b6b2d7800 JavaThread "Unconstrained build operations Thread 13" [_thread_blocked, id=19580, stack(0x000000700f600000,0x000000700f700000)]
  0x0000020b6b2d6800 JavaThread "Unconstrained build operations Thread 14" [_thread_blocked, id=7988, stack(0x000000700f700000,0x000000700f800000)]
  0x0000020b6b2da800 JavaThread "Unconstrained build operations Thread 15" [_thread_blocked, id=12404, stack(0x000000700f800000,0x000000700f900000)]
  0x0000020b6b2da000 JavaThread "Unconstrained build operations Thread 16" [_thread_blocked, id=18032, stack(0x000000700f900000,0x000000700fa00000)]
  0x0000020b6b2db800 JavaThread "Unconstrained build operations Thread 17" [_thread_blocked, id=18872, stack(0x000000700fa00000,0x000000700fb00000)]
  0x0000020b6b2d9000 JavaThread "Unconstrained build operations Thread 18" [_thread_blocked, id=18936, stack(0x000000700fb00000,0x000000700fc00000)]
  0x0000020b6b2d5800 JavaThread "Unconstrained build operations Thread 19" [_thread_blocked, id=14676, stack(0x000000700fc00000,0x000000700fd00000)]
  0x0000020b6b2dd000 JavaThread "Unconstrained build operations Thread 20" [_thread_blocked, id=18216, stack(0x000000700fd00000,0x000000700fe00000)]
  0x0000020b6b2de000 JavaThread "Unconstrained build operations Thread 21" [_thread_blocked, id=20216, stack(0x000000700fe00000,0x000000700ff00000)]
  0x0000020b6b2dc800 JavaThread "Unconstrained build operations Thread 22" [_thread_blocked, id=15648, stack(0x000000700ff00000,0x0000007010000000)]
  0x0000020b6b2e1000 JavaThread "Unconstrained build operations Thread 23" [_thread_blocked, id=17676, stack(0x0000007010000000,0x0000007010100000)]
  0x0000020b6b2de800 JavaThread "Unconstrained build operations Thread 24" [_thread_blocked, id=8688, stack(0x0000007010100000,0x0000007010200000)]
  0x0000020b6b2e2000 JavaThread "Unconstrained build operations Thread 25" [_thread_blocked, id=10888, stack(0x0000007010200000,0x0000007010300000)]
  0x0000020b6b2df800 JavaThread "Unconstrained build operations Thread 26" [_thread_blocked, id=19600, stack(0x0000007010300000,0x0000007010400000)]
  0x0000020b6b2e0800 JavaThread "Unconstrained build operations Thread 27" [_thread_blocked, id=18824, stack(0x0000007010400000,0x0000007010500000)]
  0x0000020b68cc9800 JavaThread "Unconstrained build operations Thread 28" [_thread_blocked, id=4516, stack(0x0000007010500000,0x0000007010600000)]
  0x0000020b68ccc000 JavaThread "Unconstrained build operations Thread 29" [_thread_blocked, id=19944, stack(0x0000007010600000,0x0000007010700000)]
  0x0000020b68ccc800 JavaThread "Unconstrained build operations Thread 30" [_thread_blocked, id=9472, stack(0x0000007010700000,0x0000007010800000)]
  0x0000020b68cc7000 JavaThread "Unconstrained build operations Thread 31" [_thread_blocked, id=9068, stack(0x0000007010800000,0x0000007010900000)]
  0x0000020b68ccb000 JavaThread "Unconstrained build operations Thread 32" [_thread_blocked, id=20140, stack(0x0000007010900000,0x0000007010a00000)]
  0x0000020b68ccd800 JavaThread "Unconstrained build operations Thread 33" [_thread_blocked, id=19664, stack(0x0000007010a00000,0x0000007010b00000)]
  0x0000020b68cc7800 JavaThread "Unconstrained build operations Thread 34" [_thread_blocked, id=5656, stack(0x0000007010b00000,0x0000007010c00000)]
  0x0000020b68cce000 JavaThread "Unconstrained build operations Thread 35" [_thread_blocked, id=18128, stack(0x0000007010c00000,0x0000007010d00000)]
  0x0000020b68cc8800 JavaThread "Unconstrained build operations Thread 36" [_thread_blocked, id=10704, stack(0x0000007010d00000,0x0000007010e00000)]
  0x0000020b68ccf000 JavaThread "Unconstrained build operations Thread 37" [_thread_blocked, id=6060, stack(0x0000007010e00000,0x0000007010f00000)]
  0x0000020b68cd0000 JavaThread "Unconstrained build operations Thread 38" [_thread_blocked, id=10936, stack(0x0000007010f00000,0x0000007011000000)]
  0x0000020b68cca000 JavaThread "Unconstrained build operations Thread 39" [_thread_blocked, id=18764, stack(0x0000007011000000,0x0000007011100000)]
  0x0000020b68cd1800 JavaThread "Unconstrained build operations Thread 40" [_thread_blocked, id=17148, stack(0x0000007011100000,0x0000007011200000)]
  0x0000020b68cd2800 JavaThread "Unconstrained build operations Thread 41" [_thread_blocked, id=19628, stack(0x0000007011200000,0x0000007011300000)]
  0x0000020b68cd0800 JavaThread "Unconstrained build operations Thread 42" [_thread_blocked, id=1380, stack(0x0000007011300000,0x0000007011400000)]
  0x0000020b68cd3000 JavaThread "Unconstrained build operations Thread 43" [_thread_blocked, id=8980, stack(0x0000007011400000,0x0000007011500000)]
  0x0000020b68cd5000 JavaThread "Unconstrained build operations Thread 44" [_thread_blocked, id=8596, stack(0x0000007011500000,0x0000007011600000)]
  0x0000020b68cd4000 JavaThread "Unconstrained build operations Thread 45" [_thread_blocked, id=10784, stack(0x0000007011600000,0x0000007011700000)]
  0x0000020b68cd5800 JavaThread "Unconstrained build operations Thread 46" [_thread_blocked, id=18664, stack(0x0000007011700000,0x0000007011800000)]
  0x0000020b66a98000 JavaThread "Unconstrained build operations Thread 47" [_thread_blocked, id=15164, stack(0x0000007011800000,0x0000007011900000)]
  0x0000020b66a94800 JavaThread "Unconstrained build operations Thread 48" [_thread_blocked, id=6112, stack(0x0000007011900000,0x0000007011a00000)]
  0x0000020b66a99800 JavaThread "Unconstrained build operations Thread 49" [_thread_blocked, id=16872, stack(0x0000007011a00000,0x0000007011b00000)]
  0x0000020b66a98800 JavaThread "Unconstrained build operations Thread 50" [_thread_blocked, id=16328, stack(0x0000007011b00000,0x0000007011c00000)]
  0x0000020b66a97000 JavaThread "Unconstrained build operations Thread 51" [_thread_blocked, id=11624, stack(0x0000007011c00000,0x0000007011d00000)]
  0x0000020b66a95800 JavaThread "Unconstrained build operations Thread 52" [_thread_blocked, id=20192, stack(0x0000007011d00000,0x0000007011e00000)]
  0x0000020b66a96000 JavaThread "Unconstrained build operations Thread 53" [_thread_blocked, id=13964, stack(0x0000007011e00000,0x0000007011f00000)]
  0x0000020b66a93800 JavaThread "Unconstrained build operations Thread 54" [_thread_blocked, id=8472, stack(0x0000007011f00000,0x0000007012000000)]
  0x0000020b66a9b000 JavaThread "Unconstrained build operations Thread 55" [_thread_blocked, id=3496, stack(0x0000007012000000,0x0000007012100000)]
  0x0000020b66a9c000 JavaThread "Unconstrained build operations Thread 56" [_thread_blocked, id=8388, stack(0x0000007012100000,0x0000007012200000)]
  0x0000020b66a9f000 JavaThread "Unconstrained build operations Thread 57" [_thread_blocked, id=11500, stack(0x0000007012200000,0x0000007012300000)]
  0x0000020b66a9c800 JavaThread "Unconstrained build operations Thread 58" [_thread_blocked, id=18000, stack(0x0000007012300000,0x0000007012400000)]
  0x0000020b66aa0000 JavaThread "Unconstrained build operations Thread 59" [_thread_blocked, id=9932, stack(0x0000007012400000,0x0000007012500000)]
  0x0000020b66a9d800 JavaThread "Unconstrained build operations Thread 60" [_thread_blocked, id=6304, stack(0x0000007012500000,0x0000007012600000)]
  0x0000020b66a9a800 JavaThread "Unconstrained build operations Thread 61" [_thread_blocked, id=12960, stack(0x0000007012600000,0x0000007012700000)]
  0x0000020b66aa1000 JavaThread "Unconstrained build operations Thread 62" [_thread_blocked, id=14852, stack(0x0000007012700000,0x0000007012800000)]
  0x0000020b66aa2800 JavaThread "Unconstrained build operations Thread 63" [_thread_blocked, id=18576, stack(0x0000007012800000,0x0000007012900000)]
  0x0000020b66a9e800 JavaThread "Unconstrained build operations Thread 64" [_thread_blocked, id=9616, stack(0x0000007012900000,0x0000007012a00000)]
  0x0000020b66aa1800 JavaThread "Unconstrained build operations Thread 65" [_thread_blocked, id=9632, stack(0x0000007012a00000,0x0000007012b00000)]
  0x0000020b6781b800 JavaThread "Unconstrained build operations Thread 66" [_thread_blocked, id=9520, stack(0x0000007012b00000,0x0000007012c00000)]
  0x0000020b67817800 JavaThread "Unconstrained build operations Thread 67" [_thread_blocked, id=7952, stack(0x0000007012c00000,0x0000007012d00000)]
  0x0000020b67816000 JavaThread "Unconstrained build operations Thread 68" [_thread_blocked, id=8228, stack(0x0000007012d00000,0x0000007012e00000)]
  0x0000020b67818800 JavaThread "Unconstrained build operations Thread 69" [_thread_blocked, id=4752, stack(0x0000007012e00000,0x0000007012f00000)]
  0x0000020b6781c800 JavaThread "Unconstrained build operations Thread 70" [_thread_blocked, id=14208, stack(0x0000007012f00000,0x0000007013000000)]
  0x0000020b6781b000 JavaThread "Unconstrained build operations Thread 71" [_thread_blocked, id=17332, stack(0x0000007013000000,0x0000007013100000)]
  0x0000020b67817000 JavaThread "Unconstrained build operations Thread 72" [_thread_blocked, id=15692, stack(0x0000007013100000,0x0000007013200000)]
  0x0000020b6781e000 JavaThread "Unconstrained build operations Thread 73" [_thread_blocked, id=18172, stack(0x0000007013200000,0x0000007013300000)]
  0x0000020b67819000 JavaThread "Unconstrained build operations Thread 74" [_thread_blocked, id=18224, stack(0x0000007013300000,0x0000007013400000)]
  0x0000020b67820000 JavaThread "Unconstrained build operations Thread 75" [_thread_blocked, id=9628, stack(0x0000007013400000,0x0000007013500000)]
  0x0000020b6781f000 JavaThread "Unconstrained build operations Thread 76" [_thread_blocked, id=7148, stack(0x0000007013500000,0x0000007013600000)]
  0x0000020b6781a000 JavaThread "Unconstrained build operations Thread 77" [_thread_blocked, id=18968, stack(0x0000007013600000,0x0000007013700000)]
  0x0000020b67822000 JavaThread "Unconstrained build operations Thread 78" [_thread_blocked, id=16976, stack(0x0000007013700000,0x0000007013800000)]
  0x0000020b67821800 JavaThread "Unconstrained build operations Thread 79" [_thread_blocked, id=7848, stack(0x0000007013800000,0x0000007013900000)]
  0x0000020b67823000 JavaThread "Unconstrained build operations Thread 80" [_thread_blocked, id=8276, stack(0x0000007013900000,0x0000007013a00000)]
  0x0000020b6781d800 JavaThread "Unconstrained build operations Thread 81" [_thread_blocked, id=18728, stack(0x0000007013a00000,0x0000007013b00000)]
  0x0000020b67824000 JavaThread "Unconstrained build operations Thread 82" [_thread_blocked, id=19860, stack(0x0000007013b00000,0x0000007013c00000)]
  0x0000020b67824800 JavaThread "Unconstrained build operations Thread 83" [_thread_blocked, id=11400, stack(0x0000007013c00000,0x0000007013d00000)]
  0x0000020b67820800 JavaThread "Unconstrained build operations Thread 84" [_thread_blocked, id=2624, stack(0x0000007013d00000,0x0000007013e00000)]
  0x0000020b66cfa000 JavaThread "Unconstrained build operations Thread 85" [_thread_blocked, id=10560, stack(0x0000007013e00000,0x0000007013f00000)]
  0x0000020b66cf5800 JavaThread "Unconstrained build operations Thread 86" [_thread_blocked, id=9572, stack(0x0000007013f00000,0x0000007014000000)]
  0x0000020b66cf6800 JavaThread "Unconstrained build operations Thread 87" [_thread_blocked, id=1836, stack(0x0000007014000000,0x0000007014100000)]
  0x0000020b66cfa800 JavaThread "Unconstrained build operations Thread 88" [_thread_blocked, id=11392, stack(0x0000007014100000,0x0000007014200000)]
  0x0000020b66cf8000 JavaThread "Unconstrained build operations Thread 89" [_thread_blocked, id=12468, stack(0x0000007014200000,0x0000007014300000)]
  0x0000020b66cf7800 JavaThread "Unconstrained build operations Thread 90" [_thread_blocked, id=19240, stack(0x0000007014300000,0x0000007014400000)]
  0x0000020b66cf9000 JavaThread "Unconstrained build operations Thread 91" [_thread_blocked, id=18036, stack(0x0000007014400000,0x0000007014500000)]
  0x0000020b66cf5000 JavaThread "Unconstrained build operations Thread 92" [_thread_blocked, id=19880, stack(0x0000007014500000,0x0000007014600000)]
  0x0000020b66d01000 JavaThread "Unconstrained build operations Thread 93" [_thread_blocked, id=5720, stack(0x0000007014600000,0x0000007014700000)]
  0x0000020b66cfb800 JavaThread "Unconstrained build operations Thread 94" [_thread_blocked, id=12252, stack(0x0000007014700000,0x0000007014800000)]
  0x0000020b66cfe800 JavaThread "Unconstrained build operations Thread 95" [_thread_blocked, id=8756, stack(0x0000007014800000,0x0000007014900000)]
  0x0000020b66cfd000 JavaThread "Unconstrained build operations Thread 96" [_thread_blocked, id=18732, stack(0x0000007014900000,0x0000007014a00000)]
  0x0000020b66d00800 JavaThread "Unconstrained build operations Thread 97" [_thread_blocked, id=9232, stack(0x0000007014a00000,0x0000007014b00000)]
  0x0000020b66cfc000 JavaThread "Unconstrained build operations Thread 98" [_thread_blocked, id=12152, stack(0x0000007014b00000,0x0000007014c00000)]
  0x0000020b66d03800 JavaThread "Unconstrained build operations Thread 99" [_thread_blocked, id=14700, stack(0x0000007014c00000,0x0000007014d00000)]
  0x0000020b66cfe000 JavaThread "Unconstrained build operations Thread 100" [_thread_blocked, id=15716, stack(0x0000007014d00000,0x0000007014e00000)]
  0x0000020b66d02000 JavaThread "Unconstrained build operations Thread 101" [_thread_blocked, id=11816, stack(0x0000007014e00000,0x0000007014f00000)]
  0x0000020b66cff800 JavaThread "Unconstrained build operations Thread 102" [_thread_blocked, id=12304, stack(0x0000007014f00000,0x0000007015000000)]
  0x0000020b66d02800 JavaThread "Unconstrained build operations Thread 103" [_thread_blocked, id=8916, stack(0x0000007015000000,0x0000007015100000)]
  0x0000020b66671000 JavaThread "Unconstrained build operations Thread 104" [_thread_blocked, id=14948, stack(0x0000007015100000,0x0000007015200000)]
  0x0000020b6666e000 JavaThread "Unconstrained build operations Thread 105" [_thread_blocked, id=6572, stack(0x0000007015200000,0x0000007015300000)]
  0x0000020b6666f800 JavaThread "Unconstrained build operations Thread 106" [_thread_blocked, id=10200, stack(0x0000007015300000,0x0000007015400000)]
  0x0000020b6666e800 JavaThread "Unconstrained build operations Thread 107" [_thread_blocked, id=7556, stack(0x0000007015400000,0x0000007015500000)]
  0x0000020b66672000 JavaThread "Unconstrained build operations Thread 108" [_thread_blocked, id=16264, stack(0x0000007015500000,0x0000007015600000)]
  0x0000020b66674800 JavaThread "Unconstrained build operations Thread 109" [_thread_blocked, id=7096, stack(0x0000007015600000,0x0000007015700000)]
  0x0000020b66676000 JavaThread "Unconstrained build operations Thread 110" [_thread_blocked, id=18904, stack(0x0000007015700000,0x0000007015800000)]
  0x0000020b66672800 JavaThread "Unconstrained build operations Thread 111" [_thread_blocked, id=7856, stack(0x0000007015800000,0x0000007015900000)]
  0x0000020b66675000 JavaThread "Unconstrained build operations Thread 112" [_thread_blocked, id=15144, stack(0x0000007015900000,0x0000007015a00000)]
  0x0000020b66673800 JavaThread "Unconstrained build operations Thread 113" [_thread_blocked, id=8096, stack(0x0000007015a00000,0x0000007015b00000)]
  0x0000020b66670800 JavaThread "Unconstrained build operations Thread 114" [_thread_blocked, id=9864, stack(0x0000007015b00000,0x0000007015c00000)]
  0x0000020b6667b800 JavaThread "Unconstrained build operations Thread 115" [_thread_blocked, id=5888, stack(0x0000007015c00000,0x0000007015d00000)]
  0x0000020b6667c800 JavaThread "Unconstrained build operations Thread 116" [_thread_blocked, id=17208, stack(0x0000007015d00000,0x0000007015e00000)]
  0x0000020b66679800 JavaThread "Unconstrained build operations Thread 117" [_thread_blocked, id=12400, stack(0x0000007015e00000,0x0000007015f00000)]
  0x0000020b66678800 JavaThread "Unconstrained build operations Thread 118" [_thread_blocked, id=13456, stack(0x0000007015f00000,0x0000007016000000)]
  0x0000020b66677000 JavaThread "Unconstrained build operations Thread 119" [_thread_blocked, id=13872, stack(0x0000007016000000,0x0000007016100000)]
  0x0000020b6667a000 JavaThread "Unconstrained build operations Thread 120" [_thread_blocked, id=12584, stack(0x0000007016100000,0x0000007016200000)]
  0x0000020b6667b000 JavaThread "jar transforms Thread 4" [_thread_blocked, id=18516, stack(0x0000007016200000,0x0000007016300000)]
  0x0000020b66677800 JavaThread "jar transforms Thread 5" [_thread_blocked, id=15312, stack(0x0000007016300000,0x0000007016400000)]
  0x0000020b6776e000 JavaThread "jar transforms Thread 6" [_thread_blocked, id=15660, stack(0x0000007016400000,0x0000007016500000)]
  0x0000020b6776f000 JavaThread "jar transforms Thread 7" [_thread_blocked, id=8812, stack(0x0000007016500000,0x0000007016600000)]
  0x0000020b67773000 JavaThread "jar transforms Thread 8" [_thread_blocked, id=1524, stack(0x0000007016600000,0x0000007016700000)]
  0x0000020b67774000 JavaThread "jar transforms Thread 9" [_thread_blocked, id=17036, stack(0x0000007016700000,0x0000007016800000)]
  0x0000020b67774800 JavaThread "jar transforms Thread 10" [_thread_blocked, id=6344, stack(0x0000007016800000,0x0000007016900000)]
  0x0000020b67772800 JavaThread "jar transforms Thread 11" [_thread_blocked, id=2864, stack(0x0000007016900000,0x0000007016a00000)]
  0x0000020b67775800 JavaThread "jar transforms Thread 12" [_thread_blocked, id=13508, stack(0x0000007016a00000,0x0000007016b00000)]
  0x0000020b67770000 JavaThread "Memory manager" [_thread_blocked, id=10232, stack(0x0000007016b00000,0x0000007016c00000)]

Other Threads:
  0x0000020b65d32000 VMThread "VM Thread" [stack: 0x000000700ba00000,0x000000700bb00000] [id=19164]
  0x0000020b6673c000 WatcherThread [stack: 0x000000700c400000,0x000000700c500000] [id=4968]
  0x0000020b4b442000 GCTaskThread "GC Thread#0" [stack: 0x000000700b500000,0x000000700b600000] [id=13440]
  0x0000020b67815800 GCTaskThread "GC Thread#1" [stack: 0x000000700c500000,0x000000700c600000] [id=7812]
  0x0000020b686c7000 GCTaskThread "GC Thread#2" [stack: 0x000000700d200000,0x000000700d300000] [id=7852]
  0x0000020b68610000 GCTaskThread "GC Thread#3" [stack: 0x000000700d300000,0x000000700d400000] [id=20420]
  0x0000020b68611000 GCTaskThread "GC Thread#4" [stack: 0x000000700d400000,0x000000700d500000] [id=12760]
  0x0000020b670d1000 GCTaskThread "GC Thread#5" [stack: 0x000000700d500000,0x000000700d600000] [id=17808]
  0x0000020b670d2000 GCTaskThread "GC Thread#6" [stack: 0x000000700d600000,0x000000700d700000] [id=4756]
  0x0000020b680ee000 GCTaskThread "GC Thread#7" [stack: 0x000000700d700000,0x000000700d800000] [id=20120]
  0x0000020b680ee800 GCTaskThread "GC Thread#8" [stack: 0x000000700d800000,0x000000700d900000] [id=18848]
  0x0000020b68685800 GCTaskThread "GC Thread#9" [stack: 0x000000700d900000,0x000000700da00000] [id=18716]
  0x0000020b4b47b000 ConcurrentGCThread "G1 Main Marker" [stack: 0x000000700b600000,0x000000700b700000] [id=7284]
  0x0000020b4b483000 ConcurrentGCThread "G1 Conc#0" [stack: 0x000000700b700000,0x000000700b800000] [id=18076]
  0x0000020b66a93000 ConcurrentGCThread "G1 Conc#1" [stack: 0x000000700db00000,0x000000700dc00000] [id=17048]
  0x0000020b686f9000 ConcurrentGCThread "G1 Conc#2" [stack: 0x000000700dc00000,0x000000700dd00000] [id=8468]
  0x0000020b4b47c800 ConcurrentGCThread "G1 Refine#0" [stack: 0x000000700b800000,0x000000700b900000] [id=18156]
  0x0000020b65b85800 ConcurrentGCThread "G1 Young RemSet Sampling" [stack: 0x000000700b900000,0x000000700ba00000] [id=8332]

Threads with active compile tasks:
C2 CompilerThread0   8377 5967       4       org.objectweb.asm.Frame::execute (2318 bytes)

VM state:not at safepoint (normal execution)

VM Mutex/Monitor currently owned by a thread: None

Heap address: 0x0000000080000000, size: 2048 MB, Compressed Oops mode: 32-bit
Narrow klass base: 0x0000000000000000, Narrow klass shift: 3
Compressed class space size: 1073741824 Address: 0x0000000100000000

Heap:
 garbage-first heap   total 115712K, used 58940K [0x0000000080000000, 0x0000000100000000)
  region size 1024K, 16 young (16384K), 6 survivors (6144K)
 Metaspace       used 63570K, capacity 65111K, committed 65188K, reserved 1105920K
  class space    used 7983K, capacity 8544K, committed 8576K, reserved 1048576K
Heap Regions: E=young(eden), S=young(survivor), O=old, HS=humongous(starts), HC=humongous(continues), CS=collection set, F=free, A=archive, TAMS=top-at-mark-start (previous, next)
|   0|0x0000000080000000, 0x0000000080100000, 0x0000000080100000|100%| O|  |TAMS 0x0000000080100000, 0x0000000080000000| Untracked 
|   1|0x0000000080100000, 0x0000000080200000, 0x0000000080200000|100%| O|  |TAMS 0x0000000080200000, 0x0000000080100000| Untracked 
|   2|0x0000000080200000, 0x0000000080300000, 0x0000000080300000|100%| O|  |TAMS 0x0000000080300000, 0x0000000080200000| Untracked 
|   3|0x0000000080300000, 0x0000000080400000, 0x0000000080400000|100%|HS|  |TAMS 0x0000000080400000, 0x0000000080300000| Complete 
|   4|0x0000000080400000, 0x0000000080500000, 0x0000000080500000|100%|HC|  |TAMS 0x0000000080500000, 0x0000000080400000| Complete 
|   5|0x0000000080500000, 0x0000000080600000, 0x0000000080600000|100%|HC|  |TAMS 0x0000000080600000, 0x0000000080500000| Complete 
|   6|0x0000000080600000, 0x0000000080700000, 0x0000000080700000|100%| O|  |TAMS 0x0000000080700000, 0x0000000080600000| Untracked 
|   7|0x0000000080700000, 0x0000000080800000, 0x0000000080800000|100%| O|  |TAMS 0x0000000080800000, 0x0000000080700000| Untracked 
|   8|0x0000000080800000, 0x0000000080900000, 0x0000000080900000|100%| O|  |TAMS 0x0000000080900000, 0x0000000080800000| Untracked 
|   9|0x0000000080900000, 0x0000000080a00000, 0x0000000080a00000|100%| O|  |TAMS 0x0000000080a00000, 0x0000000080900000| Untracked 
|  10|0x0000000080a00000, 0x0000000080b00000, 0x0000000080b00000|100%| O|  |TAMS 0x0000000080b00000, 0x0000000080a00000| Untracked 
|  11|0x0000000080b00000, 0x0000000080c00000, 0x0000000080c00000|100%| O|  |TAMS 0x0000000080c00000, 0x0000000080b00000| Untracked 
|  12|0x0000000080c00000, 0x0000000080d00000, 0x0000000080d00000|100%| O|  |TAMS 0x0000000080d00000, 0x0000000080c00000| Untracked 
|  13|0x0000000080d00000, 0x0000000080e00000, 0x0000000080e00000|100%| O|  |TAMS 0x0000000080e00000, 0x0000000080d00000| Untracked 
|  14|0x0000000080e00000, 0x0000000080f00000, 0x0000000080f00000|100%| O|  |TAMS 0x0000000080f00000, 0x0000000080e00000| Untracked 
|  15|0x0000000080f00000, 0x0000000081000000, 0x0000000081000000|100%| O|  |TAMS 0x0000000081000000, 0x0000000080f00000| Untracked 
|  16|0x0000000081000000, 0x0000000081100000, 0x0000000081100000|100%| O|  |TAMS 0x0000000081100000, 0x0000000081000000| Untracked 
|  17|0x0000000081100000, 0x0000000081200000, 0x0000000081200000|100%| O|  |TAMS 0x0000000081200000, 0x0000000081100000| Untracked 
|  18|0x0000000081200000, 0x0000000081300000, 0x0000000081300000|100%| O|  |TAMS 0x0000000081300000, 0x0000000081200000| Untracked 
|  19|0x0000000081300000, 0x0000000081400000, 0x0000000081400000|100%| O|  |TAMS 0x0000000081400000, 0x0000000081300000| Untracked 
|  20|0x0000000081400000, 0x0000000081500000, 0x0000000081500000|100%| O|  |TAMS 0x0000000081500000, 0x0000000081400000| Untracked 
|  21|0x0000000081500000, 0x0000000081600000, 0x0000000081600000|100%| O|  |TAMS 0x0000000081600000, 0x0000000081500000| Untracked 
|  22|0x0000000081600000, 0x0000000081700000, 0x0000000081700000|100%| O|  |TAMS 0x0000000081700000, 0x0000000081600000| Untracked 
|  23|0x0000000081700000, 0x0000000081800000, 0x0000000081800000|100%|HS|  |TAMS 0x0000000081800000, 0x0000000081700000| Complete 
|  24|0x0000000081800000, 0x0000000081900000, 0x0000000081900000|100%| O|  |TAMS 0x0000000081900000, 0x0000000081800000| Untracked 
|  25|0x0000000081900000, 0x0000000081a00000, 0x0000000081a00000|100%| O|  |TAMS 0x0000000081a00000, 0x0000000081900000| Untracked 
|  26|0x0000000081a00000, 0x0000000081b00000, 0x0000000081b00000|100%| O|  |TAMS 0x0000000081b00000, 0x0000000081a00000| Untracked 
|  27|0x0000000081b00000, 0x0000000081c00000, 0x0000000081c00000|100%| O|  |TAMS 0x0000000081c00000, 0x0000000081b00000| Untracked 
|  28|0x0000000081c00000, 0x0000000081d00000, 0x0000000081d00000|100%|HS|  |TAMS 0x0000000081d00000, 0x0000000081c00000| Complete 
|  29|0x0000000081d00000, 0x0000000081e00000, 0x0000000081e00000|100%| O|  |TAMS 0x0000000081e00000, 0x0000000081d00000| Untracked 
|  30|0x0000000081e00000, 0x0000000081f00000, 0x0000000081f00000|100%|HS|  |TAMS 0x0000000081f00000, 0x0000000081e00000| Complete 
|  31|0x0000000081f00000, 0x0000000082000000, 0x0000000082000000|100%|HC|  |TAMS 0x0000000082000000, 0x0000000081f00000| Complete 
|  32|0x0000000082000000, 0x0000000082100000, 0x0000000082100000|100%| O|  |TAMS 0x0000000082100000, 0x0000000082000000| Untracked 
|  33|0x0000000082100000, 0x0000000082200000, 0x0000000082200000|100%| O|  |TAMS 0x0000000082200000, 0x0000000082100000| Untracked 
|  34|0x0000000082200000, 0x0000000082300000, 0x0000000082300000|100%| O|  |TAMS 0x0000000082300000, 0x0000000082200000| Untracked 
|  35|0x0000000082300000, 0x0000000082400000, 0x0000000082400000|100%| O|  |TAMS 0x0000000082400000, 0x0000000082300000| Untracked 
|  36|0x0000000082400000, 0x0000000082500000, 0x0000000082500000|100%| O|  |TAMS 0x0000000082500000, 0x0000000082400000| Untracked 
|  37|0x0000000082500000, 0x0000000082600000, 0x0000000082600000|100%| O|  |TAMS 0x0000000082600000, 0x0000000082500000| Untracked 
|  38|0x0000000082600000, 0x0000000082700000, 0x0000000082700000|100%| O|  |TAMS 0x0000000082700000, 0x0000000082600000| Untracked 
|  39|0x0000000082700000, 0x0000000082800000, 0x0000000082800000|100%| O|  |TAMS 0x0000000082800000, 0x0000000082700000| Untracked 
|  40|0x0000000082800000, 0x0000000082900000, 0x0000000082900000|100%| O|  |TAMS 0x0000000082900000, 0x0000000082800000| Untracked 
|  41|0x0000000082900000, 0x0000000082a00000, 0x0000000082a00000|100%| O|  |TAMS 0x0000000082a00000, 0x0000000082900000| Untracked 
|  42|0x0000000082a00000, 0x0000000082ae2800, 0x0000000082b00000| 88%| O|  |TAMS 0x0000000082ae2800, 0x0000000082a00000| Untracked 
|  43|0x0000000082b00000, 0x0000000082b00000, 0x0000000082c00000|  0%| F|  |TAMS 0x0000000082b00000, 0x0000000082b00000| Untracked 
|  44|0x0000000082c00000, 0x0000000082c00000, 0x0000000082d00000|  0%| F|  |TAMS 0x0000000082c00000, 0x0000000082c00000| Untracked 
|  45|0x0000000082d00000, 0x0000000082d00000, 0x0000000082e00000|  0%| F|  |TAMS 0x0000000082d00000, 0x0000000082d00000| Untracked 
|  46|0x0000000082e00000, 0x0000000082e00000, 0x0000000082f00000|  0%| F|  |TAMS 0x0000000082e00000, 0x0000000082e00000| Untracked 
|  47|0x0000000082f00000, 0x0000000082f00000, 0x0000000083000000|  0%| F|  |TAMS 0x0000000082f00000, 0x0000000082f00000| Untracked 
|  48|0x0000000083000000, 0x0000000083000000, 0x0000000083100000|  0%| F|  |TAMS 0x0000000083000000, 0x0000000083000000| Untracked 
|  49|0x0000000083100000, 0x0000000083100000, 0x0000000083200000|  0%| F|  |TAMS 0x0000000083100000, 0x0000000083100000| Untracked 
|  50|0x0000000083200000, 0x0000000083200000, 0x0000000083300000|  0%| F|  |TAMS 0x0000000083200000, 0x0000000083200000| Untracked 
|  51|0x0000000083300000, 0x0000000083300000, 0x0000000083400000|  0%| F|  |TAMS 0x0000000083300000, 0x0000000083300000| Untracked 
|  52|0x0000000083400000, 0x0000000083400000, 0x0000000083500000|  0%| F|  |TAMS 0x0000000083400000, 0x0000000083400000| Untracked 
|  53|0x0000000083500000, 0x0000000083500000, 0x0000000083600000|  0%| F|  |TAMS 0x0000000083500000, 0x0000000083500000| Untracked 
|  54|0x0000000083600000, 0x0000000083600000, 0x0000000083700000|  0%| F|  |TAMS 0x0000000083600000, 0x0000000083600000| Untracked 
|  55|0x0000000083700000, 0x0000000083700000, 0x0000000083800000|  0%| F|  |TAMS 0x0000000083700000, 0x0000000083700000| Untracked 
|  56|0x0000000083800000, 0x0000000083800000, 0x0000000083900000|  0%| F|  |TAMS 0x0000000083800000, 0x0000000083800000| Untracked 
|  57|0x0000000083900000, 0x0000000083900000, 0x0000000083a00000|  0%| F|  |TAMS 0x0000000083900000, 0x0000000083900000| Untracked 
|  58|0x0000000083a00000, 0x0000000083a00000, 0x0000000083b00000|  0%| F|  |TAMS 0x0000000083a00000, 0x0000000083a00000| Untracked 
|  59|0x0000000083b00000, 0x0000000083b00000, 0x0000000083c00000|  0%| F|  |TAMS 0x0000000083b00000, 0x0000000083b00000| Untracked 
|  60|0x0000000083c00000, 0x0000000083c00000, 0x0000000083d00000|  0%| F|  |TAMS 0x0000000083c00000, 0x0000000083c00000| Untracked 
|  61|0x0000000083d00000, 0x0000000083d00000, 0x0000000083e00000|  0%| F|  |TAMS 0x0000000083d00000, 0x0000000083d00000| Untracked 
|  62|0x0000000083e00000, 0x0000000083e00000, 0x0000000083f00000|  0%| F|  |TAMS 0x0000000083e00000, 0x0000000083e00000| Untracked 
|  63|0x0000000083f00000, 0x0000000083f00000, 0x0000000084000000|  0%| F|  |TAMS 0x0000000083f00000, 0x0000000083f00000| Untracked 
|  64|0x0000000084000000, 0x00000000840aca80, 0x0000000084100000| 67%| S|CS|TAMS 0x0000000084000000, 0x0000000084000000| Complete 
|  65|0x0000000084100000, 0x0000000084200000, 0x0000000084200000|100%| S|CS|TAMS 0x0000000084100000, 0x0000000084100000| Complete 
|  66|0x0000000084200000, 0x0000000084300000, 0x0000000084300000|100%| S|CS|TAMS 0x0000000084200000, 0x0000000084200000| Complete 
|  67|0x0000000084300000, 0x0000000084400000, 0x0000000084400000|100%| S|CS|TAMS 0x0000000084300000, 0x0000000084300000| Complete 
|  68|0x0000000084400000, 0x0000000084500000, 0x0000000084500000|100%| S|CS|TAMS 0x0000000084400000, 0x0000000084400000| Complete 
|  69|0x0000000084500000, 0x0000000084600000, 0x0000000084600000|100%| S|CS|TAMS 0x0000000084500000, 0x0000000084500000| Complete 
|  70|0x0000000084600000, 0x0000000084600000, 0x0000000084700000|  0%| F|  |TAMS 0x0000000084600000, 0x0000000084600000| Untracked 
|  71|0x0000000084700000, 0x0000000084700000, 0x0000000084800000|  0%| F|  |TAMS 0x0000000084700000, 0x0000000084700000| Untracked 
|  72|0x0000000084800000, 0x0000000084800000, 0x0000000084900000|  0%| F|  |TAMS 0x0000000084800000, 0x0000000084800000| Untracked 
|  73|0x0000000084900000, 0x0000000084900000, 0x0000000084a00000|  0%| F|  |TAMS 0x0000000084900000, 0x0000000084900000| Untracked 
|  74|0x0000000084a00000, 0x0000000084a00000, 0x0000000084b00000|  0%| F|  |TAMS 0x0000000084a00000, 0x0000000084a00000| Untracked 
|  75|0x0000000084b00000, 0x0000000084b00000, 0x0000000084c00000|  0%| F|  |TAMS 0x0000000084b00000, 0x0000000084b00000| Untracked 
|  76|0x0000000084c00000, 0x0000000084c00000, 0x0000000084d00000|  0%| F|  |TAMS 0x0000000084c00000, 0x0000000084c00000| Untracked 
|  77|0x0000000084d00000, 0x0000000084d00000, 0x0000000084e00000|  0%| F|  |TAMS 0x0000000084d00000, 0x0000000084d00000| Untracked 
|  78|0x0000000084e00000, 0x0000000084e00000, 0x0000000084f00000|  0%| F|  |TAMS 0x0000000084e00000, 0x0000000084e00000| Untracked 
|  79|0x0000000084f00000, 0x0000000084f00000, 0x0000000085000000|  0%| F|  |TAMS 0x0000000084f00000, 0x0000000084f00000| Untracked 
|  80|0x0000000085000000, 0x0000000085000000, 0x0000000085100000|  0%| F|  |TAMS 0x0000000085000000, 0x0000000085000000| Untracked 
|  81|0x0000000085100000, 0x0000000085100000, 0x0000000085200000|  0%| F|  |TAMS 0x0000000085100000, 0x0000000085100000| Untracked 
|  82|0x0000000085200000, 0x0000000085200000, 0x0000000085300000|  0%| F|  |TAMS 0x0000000085200000, 0x0000000085200000| Untracked 
|  83|0x0000000085300000, 0x0000000085300000, 0x0000000085400000|  0%| F|  |TAMS 0x0000000085300000, 0x0000000085300000| Untracked 
|  84|0x0000000085400000, 0x0000000085400000, 0x0000000085500000|  0%| F|  |TAMS 0x0000000085400000, 0x0000000085400000| Untracked 
|  85|0x0000000085500000, 0x0000000085500000, 0x0000000085600000|  0%| F|  |TAMS 0x0000000085500000, 0x0000000085500000| Untracked 
|  86|0x0000000085600000, 0x0000000085600000, 0x0000000085700000|  0%| F|  |TAMS 0x0000000085600000, 0x0000000085600000| Untracked 
|  87|0x0000000085700000, 0x0000000085700000, 0x0000000085800000|  0%| F|  |TAMS 0x0000000085700000, 0x0000000085700000| Untracked 
|  88|0x0000000085800000, 0x0000000085800000, 0x0000000085900000|  0%| F|  |TAMS 0x0000000085800000, 0x0000000085800000| Untracked 
|  89|0x0000000085900000, 0x0000000085900000, 0x0000000085a00000|  0%| F|  |TAMS 0x0000000085900000, 0x0000000085900000| Untracked 
|  90|0x0000000085a00000, 0x0000000085a00000, 0x0000000085b00000|  0%| F|  |TAMS 0x0000000085a00000, 0x0000000085a00000| Untracked 
|  91|0x0000000085b00000, 0x0000000085b00000, 0x0000000085c00000|  0%| F|  |TAMS 0x0000000085b00000, 0x0000000085b00000| Untracked 
|  92|0x0000000085c00000, 0x0000000085c00000, 0x0000000085d00000|  0%| F|  |TAMS 0x0000000085c00000, 0x0000000085c00000| Untracked 
|  93|0x0000000085d00000, 0x0000000085d00000, 0x0000000085e00000|  0%| F|  |TAMS 0x0000000085d00000, 0x0000000085d00000| Untracked 
|  94|0x0000000085e00000, 0x0000000085e00000, 0x0000000085f00000|  0%| F|  |TAMS 0x0000000085e00000, 0x0000000085e00000| Untracked 
|  95|0x0000000085f00000, 0x0000000085f00000, 0x0000000086000000|  0%| F|  |TAMS 0x0000000085f00000, 0x0000000085f00000| Untracked 
|  96|0x0000000086000000, 0x0000000086000000, 0x0000000086100000|  0%| F|  |TAMS 0x0000000086000000, 0x0000000086000000| Untracked 
|  97|0x0000000086100000, 0x0000000086100000, 0x0000000086200000|  0%| F|  |TAMS 0x0000000086100000, 0x0000000086100000| Untracked 
|  98|0x0000000086200000, 0x0000000086200000, 0x0000000086300000|  0%| F|  |TAMS 0x0000000086200000, 0x0000000086200000| Untracked 
|  99|0x0000000086300000, 0x0000000086300000, 0x0000000086400000|  0%| F|  |TAMS 0x0000000086300000, 0x0000000086300000| Untracked 
| 100|0x0000000086400000, 0x0000000086400000, 0x0000000086500000|  0%| F|  |TAMS 0x0000000086400000, 0x0000000086400000| Untracked 
| 101|0x0000000086500000, 0x0000000086500000, 0x0000000086600000|  0%| F|  |TAMS 0x0000000086500000, 0x0000000086500000| Untracked 
| 102|0x0000000086600000, 0x0000000086600000, 0x0000000086700000|  0%| F|  |TAMS 0x0000000086600000, 0x0000000086600000| Untracked 
| 103|0x0000000086700000, 0x0000000086800000, 0x0000000086800000|100%| E|  |TAMS 0x0000000086700000, 0x0000000086700000| Complete 
| 104|0x0000000086800000, 0x0000000086900000, 0x0000000086900000|100%| E|CS|TAMS 0x0000000086800000, 0x0000000086800000| Complete 
| 105|0x0000000086900000, 0x0000000086a00000, 0x0000000086a00000|100%| E|CS|TAMS 0x0000000086900000, 0x0000000086900000| Complete 
| 106|0x0000000086a00000, 0x0000000086b00000, 0x0000000086b00000|100%| E|CS|TAMS 0x0000000086a00000, 0x0000000086a00000| Complete 
| 107|0x0000000086b00000, 0x0000000086c00000, 0x0000000086c00000|100%| E|CS|TAMS 0x0000000086b00000, 0x0000000086b00000| Complete 
| 108|0x0000000086c00000, 0x0000000086d00000, 0x0000000086d00000|100%| E|CS|TAMS 0x0000000086c00000, 0x0000000086c00000| Complete 
| 109|0x0000000086d00000, 0x0000000086e00000, 0x0000000086e00000|100%| E|CS|TAMS 0x0000000086d00000, 0x0000000086d00000| Complete 
| 110|0x0000000086e00000, 0x0000000086f00000, 0x0000000086f00000|100%| E|CS|TAMS 0x0000000086e00000, 0x0000000086e00000| Complete 
| 111|0x0000000086f00000, 0x0000000087000000, 0x0000000087000000|100%| E|CS|TAMS 0x0000000086f00000, 0x0000000086f00000| Complete 
| 112|0x0000000087000000, 0x0000000087100000, 0x0000000087100000|100%| E|CS|TAMS 0x0000000087000000, 0x0000000087000000| Complete 

Card table byte_map: [0x0000020b5e8a0000,0x0000020b5eca0000] _byte_map_base: 0x0000020b5e4a0000

Marking Bits (Prev, Next): (CMBitMap*) 0x0000020b4b46fda0, (CMBitMap*) 0x0000020b4b46fd68
 Prev Bits: [0x0000020b610a0000, 0x0000020b630a0000)
 Next Bits: [0x0000020b5f0a0000, 0x0000020b610a0000)

Polling page: 0x0000020b493b0000

Metaspace:

Usage:
  Non-class:     55.24 MB capacity,    54.30 MB ( 98%) used,   796.74 KB (  1%) free+waste,   168.50 KB ( <1%) overhead. 
      Class:      8.34 MB capacity,     7.80 MB ( 93%) used,   478.78 KB (  6%) free+waste,    79.19 KB ( <1%) overhead. 
       Both:     63.58 MB capacity,    62.10 MB ( 98%) used,     1.25 MB (  2%) free+waste,   247.69 KB ( <1%) overhead. 

Virtual space:
  Non-class space:       56.00 MB reserved,      55.29 MB ( 99%) committed 
      Class space:        1.00 GB reserved,       8.38 MB ( <1%) committed 
             Both:        1.05 GB reserved,      63.66 MB (  6%) committed 

Chunk freelists:
   Non-Class:  45.00 KB
       Class:  0 bytes
        Both:  45.00 KB

MaxMetaspaceSize: 17179869184.00 GB
CompressedClassSpaceSize: 1.00 GB
Initial GC threshold: 20.80 MB
Current GC threshold: 97.98 MB
CDS: off

CodeHeap 'non-profiled nmethods': size=120000Kb used=2802Kb max_used=2802Kb free=117197Kb
 bounds [0x0000020b56a10000, 0x0000020b56cd0000, 0x0000020b5df40000]
CodeHeap 'profiled nmethods': size=120000Kb used=12335Kb max_used=12335Kb free=107664Kb
 bounds [0x0000020b4f4e0000, 0x0000020b500f0000, 0x0000020b56a10000]
CodeHeap 'non-nmethods': size=5760Kb used=2331Kb max_used=2366Kb free=3428Kb
 bounds [0x0000020b4ef40000, 0x0000020b4f1b0000, 0x0000020b4f4e0000]
 total_blobs=6808 nmethods=5963 adapters=757
 compilation: enabled
              stopped_count=0, restarted_count=0
 full_count=0

Compilation events (20 events):
Event: 7.328 Thread 0x0000020b665ac000 nmethod 5995 0x0000020b500d8890 code [0x0000020b500d8a60, 0x0000020b500d8d08]
Event: 7.330 Thread 0x0000020b665ac000 5998       3       org.gradle.internal.operations.DefaultBuildOperationAncestryTracker::findClosestExistingAncestor (44 bytes)
Event: 7.330 Thread 0x0000020b665ac000 nmethod 5998 0x0000020b500d8e10 code [0x0000020b500d9040, 0x0000020b500d9858]
Event: 7.330 Thread 0x0000020b665ac000 5999       3       org.gradle.api.internal.artifacts.configurations.DefaultConfiguration_Decorated::getName (40 bytes)
Event: 7.330 Thread 0x0000020b665ac000 nmethod 5999 0x0000020b500d9b10 code [0x0000020b500d9d00, 0x0000020b500da098]
Event: 7.330 Thread 0x0000020b665ac000 5997       1       org.gradle.configuration.internal.DefaultUserCodeApplicationContext::access$000 (5 bytes)
Event: 7.330 Thread 0x0000020b665ac000 nmethod 5997 0x0000020b56ccb890 code [0x0000020b56ccba40, 0x0000020b56ccbad8]
Event: 7.330 Thread 0x0000020b665ac000 6000       3       org.gradle.internal.operations.DefaultBuildOperationAncestryTracker::findClosestMatchingAncestor (42 bytes)
Event: 7.331 Thread 0x0000020b665ac000 nmethod 6000 0x0000020b500da190 code [0x0000020b500da3c0, 0x0000020b500dabb8]
Event: 7.333 Thread 0x0000020b665ac000 6001       3       com.android.utils.StringHelper::usLocaleDecapitalize (140 bytes)
Event: 7.335 Thread 0x0000020b665ac000 nmethod 6001 0x0000020b500dae90 code [0x0000020b500db240, 0x0000020b500dc568]
Event: 7.337 Thread 0x0000020b665ac000 6002       3       org.objectweb.asm.Type::getType (10 bytes)
Event: 7.338 Thread 0x0000020b665ac000 nmethod 6002 0x0000020b500dcc90 code [0x0000020b500dce60, 0x0000020b500dd088]
Event: 7.338 Thread 0x0000020b665ac000 6004       3       kotlin.text.StringsKt__StringsKt::removePrefix (55 bytes)
Event: 7.338 Thread 0x0000020b665ac000 nmethod 6004 0x0000020b500dd210 code [0x0000020b500dd500, 0x0000020b500de138]
Event: 7.339 Thread 0x0000020b665ac000 6003       3       org.objectweb.asm.Type::getDescriptor (18 bytes)
Event: 7.339 Thread 0x0000020b665ac000 nmethod 6003 0x0000020b500de610 code [0x0000020b500de840, 0x0000020b500dee58]
Event: 7.339 Thread 0x0000020b665ac000 6005       3       org.objectweb.asm.Type::getType (122 bytes)
Event: 7.339 Thread 0x0000020b665ac000 nmethod 6005 0x0000020b500df090 code [0x0000020b500df300, 0x0000020b500dfbe8]
Event: 7.339 Thread 0x0000020b665ac000 6007       3       org.objectweb.asm.ByteVector::put12 (64 bytes)

GC Heap History (20 events):
Event: 2.722 GC heap before
{Heap before GC invocations=5 (full 0):
 garbage-first heap   total 96256K, used 62769K [0x0000000080000000, 0x0000000100000000)
  region size 1024K, 47 young (48128K), 3 survivors (3072K)
 Metaspace       used 25288K, capacity 25920K, committed 26032K, reserved 1071104K
  class space    used 3254K, capacity 3482K, committed 3584K, reserved 1048576K
}
Event: 2.725 GC heap after
{Heap after GC invocations=6 (full 0):
 garbage-first heap   total 96256K, used 19337K [0x0000000080000000, 0x0000000100000000)
  region size 1024K, 5 young (5120K), 5 survivors (5120K)
 Metaspace       used 25288K, capacity 25920K, committed 26032K, reserved 1071104K
  class space    used 3254K, capacity 3482K, committed 3584K, reserved 1048576K
}
Event: 3.185 GC heap before
{Heap before GC invocations=6 (full 0):
 garbage-first heap   total 96256K, used 65417K [0x0000000080000000, 0x0000000100000000)
  region size 1024K, 50 young (51200K), 5 survivors (5120K)
 Metaspace       used 29572K, capacity 30177K, committed 30512K, reserved 1075200K
  class space    used 3911K, capacity 4141K, committed 4224K, reserved 1048576K
}
Event: 3.189 GC heap after
{Heap after GC invocations=7 (full 0):
 garbage-first heap   total 96256K, used 20862K [0x0000000080000000, 0x0000000100000000)
  region size 1024K, 4 young (4096K), 4 survivors (4096K)
 Metaspace       used 29572K, capacity 30177K, committed 30512K, reserved 1075200K
  class space    used 3911K, capacity 4141K, committed 4224K, reserved 1048576K
}
Event: 3.518 GC heap before
{Heap before GC invocations=7 (full 0):
 garbage-first heap   total 96256K, used 41342K [0x0000000080000000, 0x0000000100000000)
  region size 1024K, 26 young (26624K), 4 survivors (4096K)
 Metaspace       used 34823K, capacity 35605K, committed 35708K, reserved 1081344K
  class space    used 4473K, capacity 4780K, committed 4864K, reserved 1048576K
}
Event: 3.522 GC heap after
{Heap after GC invocations=8 (full 0):
 garbage-first heap   total 96256K, used 22866K [0x0000000080000000, 0x0000000100000000)
  region size 1024K, 6 young (6144K), 6 survivors (6144K)
 Metaspace       used 34823K, capacity 35605K, committed 35708K, reserved 1081344K
  class space    used 4473K, capacity 4780K, committed 4864K, reserved 1048576K
}
Event: 3.949 GC heap before
{Heap before GC invocations=9 (full 0):
 garbage-first heap   total 96256K, used 70994K [0x0000000080000000, 0x0000000100000000)
  region size 1024K, 51 young (52224K), 6 survivors (6144K)
 Metaspace       used 39148K, capacity 40060K, committed 40316K, reserved 1085440K
  class space    used 4936K, capacity 5260K, committed 5376K, reserved 1048576K
}
Event: 3.955 GC heap after
{Heap after GC invocations=10 (full 0):
 garbage-first heap   total 96256K, used 27095K [0x0000000080000000, 0x0000000100000000)
  region size 1024K, 7 young (7168K), 7 survivors (7168K)
 Metaspace       used 39148K, capacity 40060K, committed 40316K, reserved 1085440K
  class space    used 4936K, capacity 5260K, committed 5376K, reserved 1048576K
}
Event: 4.359 GC heap before
{Heap before GC invocations=10 (full 0):
 garbage-first heap   total 96256K, used 71127K [0x0000000080000000, 0x0000000100000000)
  region size 1024K, 50 young (51200K), 7 survivors (7168K)
 Metaspace       used 42386K, capacity 43367K, committed 43644K, reserved 1087488K
  class space    used 5411K, capacity 5798K, committed 5888K, reserved 1048576K
}
Event: 4.365 GC heap after
{Heap after GC invocations=11 (full 0):
 garbage-first heap   total 96256K, used 29607K [0x0000000080000000, 0x0000000100000000)
  region size 1024K, 6 young (6144K), 6 survivors (6144K)
 Metaspace       used 42386K, capacity 43367K, committed 43644K, reserved 1087488K
  class space    used 5411K, capacity 5798K, committed 5888K, reserved 1048576K
}
Event: 4.725 GC heap before
{Heap before GC invocations=11 (full 0):
 garbage-first heap   total 96256K, used 73639K [0x0000000080000000, 0x0000000100000000)
  region size 1024K, 49 young (50176K), 6 survivors (6144K)
 Metaspace       used 46272K, capacity 47361K, committed 47484K, reserved 1091584K
  class space    used 5869K, capacity 6297K, committed 6400K, reserved 1048576K
}
Event: 4.730 GC heap after
{Heap after GC invocations=12 (full 0):
 garbage-first heap   total 115712K, used 31066K [0x0000000080000000, 0x0000000100000000)
  region size 1024K, 4 young (4096K), 4 survivors (4096K)
 Metaspace       used 46272K, capacity 47361K, committed 47484K, reserved 1091584K
  class space    used 5869K, capacity 6297K, committed 6400K, reserved 1048576K
}
Event: 5.578 GC heap before
{Heap before GC invocations=12 (full 0):
 garbage-first heap   total 115712K, used 83290K [0x0000000080000000, 0x0000000100000000)
  region size 1024K, 55 young (56320K), 4 survivors (4096K)
 Metaspace       used 48443K, capacity 49646K, committed 49788K, reserved 1093632K
  class space    used 6135K, capacity 6588K, committed 6656K, reserved 1048576K
}
Event: 5.583 GC heap after
{Heap after GC invocations=13 (full 0):
 garbage-first heap   total 115712K, used 33213K [0x0000000080000000, 0x0000000100000000)
  region size 1024K, 6 young (6144K), 6 survivors (6144K)
 Metaspace       used 48443K, capacity 49646K, committed 49788K, reserved 1093632K
  class space    used 6135K, capacity 6588K, committed 6656K, reserved 1048576K
}
Event: 6.325 GC heap before
{Heap before GC invocations=13 (full 0):
 garbage-first heap   total 115712K, used 89533K [0x0000000080000000, 0x0000000100000000)
  region size 1024K, 57 young (58368K), 6 survivors (6144K)
 Metaspace       used 53479K, capacity 54989K, committed 55164K, reserved 1097728K
  class space    used 6789K, capacity 7314K, committed 7424K, reserved 1048576K
}
Event: 6.331 GC heap after
{Heap after GC invocations=14 (full 0):
 garbage-first heap   total 115712K, used 43613K [0x0000000080000000, 0x0000000100000000)
  region size 1024K, 8 young (8192K), 8 survivors (8192K)
 Metaspace       used 53479K, capacity 54989K, committed 55164K, reserved 1097728K
  class space    used 6789K, capacity 7314K, committed 7424K, reserved 1048576K
}
Event: 6.781 GC heap before
{Heap before GC invocations=14 (full 0):
 garbage-first heap   total 115712K, used 77405K [0x0000000080000000, 0x0000000100000000)
  region size 1024K, 42 young (43008K), 8 survivors (8192K)
 Metaspace       used 58407K, capacity 59844K, committed 59940K, reserved 1101824K
  class space    used 7329K, capacity 7904K, committed 7936K, reserved 1048576K
}
Event: 6.787 GC heap after
{Heap after GC invocations=15 (full 0):
 garbage-first heap   total 115712K, used 45672K [0x0000000080000000, 0x0000000100000000)
  region size 1024K, 2 young (2048K), 2 survivors (2048K)
 Metaspace       used 58407K, capacity 59844K, committed 59940K, reserved 1101824K
  class space    used 7329K, capacity 7904K, committed 7936K, reserved 1048576K
}
Event: 7.265 GC heap before
{Heap before GC invocations=16 (full 0):
 garbage-first heap   total 115712K, used 93800K [0x0000000080000000, 0x0000000100000000)
  region size 1024K, 43 young (44032K), 2 survivors (2048K)
 Metaspace       used 62674K, capacity 64225K, committed 64292K, reserved 1105920K
  class space    used 7873K, capacity 8445K, committed 8448K, reserved 1048576K
}
Event: 7.269 GC heap after
{Heap after GC invocations=17 (full 0):
 garbage-first heap   total 115712K, used 49724K [0x0000000080000000, 0x0000000100000000)
  region size 1024K, 6 young (6144K), 6 survivors (6144K)
 Metaspace       used 62674K, capacity 64225K, committed 64292K, reserved 1105920K
  class space    used 7873K, capacity 8445K, committed 8448K, reserved 1048576K
}

Deoptimization events (20 events):
Event: 7.072 Thread 0x0000020b67c02000 DEOPT PACKING pc=0x0000020b56b48090 sp=0x000000700ccf3cb0
Event: 7.072 Thread 0x0000020b67c02000 DEOPT UNPACKING pc=0x0000020b4ef8a1af sp=0x000000700ccf3c38 mode 2
Event: 7.073 Thread 0x0000020b67c02000 Uncommon trap: trap_request=0xffffff4d fr.pc=0x0000020b56badf24 relative=0x00000000000001e4
Event: 7.073 Thread 0x0000020b67c02000 Uncommon trap: reason=unstable_if action=reinterpret pc=0x0000020b56badf24 method=java.security.CodeSource.matchCerts(Ljava/security/CodeSource;Z)Z @ 11 c2
Event: 7.073 Thread 0x0000020b67c02000 DEOPT PACKING pc=0x0000020b56badf24 sp=0x000000700ccf0cb0
Event: 7.073 Thread 0x0000020b67c02000 DEOPT UNPACKING pc=0x0000020b4ef8a1af sp=0x000000700ccf0bc0 mode 2
Event: 7.073 Thread 0x0000020b67c02000 Uncommon trap: trap_request=0xffffff4d fr.pc=0x0000020b56bada80 relative=0x0000000000000060
Event: 7.073 Thread 0x0000020b67c02000 Uncommon trap: reason=unstable_if action=reinterpret pc=0x0000020b56bada80 method=java.lang.ClassLoader.compareCerts([Ljava/security/cert/Certificate;[Ljava/security/cert/Certificate;)Z @ 1 c2
Event: 7.073 Thread 0x0000020b67c02000 DEOPT PACKING pc=0x0000020b56bada80 sp=0x000000700ccf0bb0
Event: 7.073 Thread 0x0000020b67c02000 DEOPT UNPACKING pc=0x0000020b4ef8a1af sp=0x000000700ccf0af0 mode 2
Event: 7.074 Thread 0x0000020b67c02000 Uncommon trap: trap_request=0xffffff4d fr.pc=0x0000020b56b1b3a8 relative=0x0000000000000828
Event: 7.074 Thread 0x0000020b67c02000 Uncommon trap: reason=unstable_if action=reinterpret pc=0x0000020b56b1b3a8 method=java.util.jar.JarFile.getVersionedEntry(Ljava/lang/String;Ljava/util/jar/JarEntry;)Ljava/util/jar/JarEntry; @ 67 c2
Event: 7.074 Thread 0x0000020b67c02000 DEOPT PACKING pc=0x0000020b56b1b3a8 sp=0x000000700ccf3ac0
Event: 7.074 Thread 0x0000020b67c02000 DEOPT UNPACKING pc=0x0000020b4ef8a1af sp=0x000000700ccf3aa8 mode 2
Event: 7.095 Thread 0x0000020b67c02000 Uncommon trap: trap_request=0xffffff4d fr.pc=0x0000020b56ca0b38 relative=0x0000000000000278
Event: 7.095 Thread 0x0000020b67c02000 Uncommon trap: reason=unstable_if action=reinterpret pc=0x0000020b56ca0b38 method=java.util.LinkedHashMap.get(Ljava/lang/Object;)Ljava/lang/Object; @ 20 c2
Event: 7.095 Thread 0x0000020b67c02000 DEOPT PACKING pc=0x0000020b56ca0b38 sp=0x000000700ccf3220
Event: 7.095 Thread 0x0000020b67c02000 DEOPT UNPACKING pc=0x0000020b4ef8a1af sp=0x000000700ccf31d8 mode 2
Event: 7.132 Thread 0x0000020b67c02000 DEOPT PACKING pc=0x0000020b50067883 sp=0x000000700ccf2a40
Event: 7.132 Thread 0x0000020b67c02000 DEOPT UNPACKING pc=0x0000020b4ef8a95e sp=0x000000700ccf1ec0 mode 0

Classes redefined (0 events):
No events

Internal exceptions (20 events):
Event: 5.729 Thread 0x0000020b67c02000 Exception <a 'java/security/PrivilegedActionException'{0x000000008696ca00}> (0x000000008696ca00) thrown at [./src/hotspot/share/prims/jvm.cpp, line 1306]
Event: 5.729 Thread 0x0000020b67c02000 Exception <a 'java/security/PrivilegedActionException'{0x000000008696dcc0}> (0x000000008696dcc0) thrown at [./src/hotspot/share/prims/jvm.cpp, line 1306]
Event: 5.729 Thread 0x0000020b67c02000 Exception <a 'java/security/PrivilegedActionException'{0x00000000869708e8}> (0x00000000869708e8) thrown at [./src/hotspot/share/prims/jvm.cpp, line 1306]
Event: 5.729 Thread 0x0000020b67c02000 Exception <a 'java/security/PrivilegedActionException'{0x0000000086971ba8}> (0x0000000086971ba8) thrown at [./src/hotspot/share/prims/jvm.cpp, line 1306]
Event: 5.729 Thread 0x0000020b67c02000 Exception <a 'java/security/PrivilegedActionException'{0x0000000086974810}> (0x0000000086974810) thrown at [./src/hotspot/share/prims/jvm.cpp, line 1306]
Event: 5.729 Thread 0x0000020b67c02000 Exception <a 'java/security/PrivilegedActionException'{0x0000000086975ad0}> (0x0000000086975ad0) thrown at [./src/hotspot/share/prims/jvm.cpp, line 1306]
Event: 5.729 Thread 0x0000020b67c02000 Exception <a 'java/security/PrivilegedActionException'{0x0000000086978798}> (0x0000000086978798) thrown at [./src/hotspot/share/prims/jvm.cpp, line 1306]
Event: 5.729 Thread 0x0000020b67c02000 Exception <a 'java/security/PrivilegedActionException'{0x0000000086979a58}> (0x0000000086979a58) thrown at [./src/hotspot/share/prims/jvm.cpp, line 1306]
Event: 5.860 Thread 0x0000020b67c02000 Exception <a 'java/lang/ClassNotFoundException'{0x00000000861ca390}: org/gradle/api/internal/plugins/DefaultObjectConfigurationActionBeanInfo> (0x00000000861ca390) thrown at [./src/hotspot/share/classfile/systemDictionary.cpp, line 231]
Event: 5.860 Thread 0x0000020b67c02000 Exception <a 'java/lang/ClassNotFoundException'{0x00000000861ffa30}: org/gradle/api/internal/plugins/DefaultObjectConfigurationActionCustomizer> (0x00000000861ffa30) thrown at [./src/hotspot/share/classfile/systemDictionary.cpp, line 231]
Event: 6.015 Thread 0x0000020b67c02000 Exception <a 'java/lang/NoSuchMethodError'{0x00000000856c9588}: 'java.lang.Object java.lang.invoke.DirectMethodHandle$Holder.invokeStatic(java.lang.Object, java.lang.Object, java.lang.Object, java.lang.Object, int)'> (0x00000000856c9588) thrown at [./src/hotspot/share/interpreter/linkResolver.cpp, line 773]
Event: 6.015 Thread 0x0000020b67c02000 Exception <a 'java/lang/NoSuchMethodError'{0x00000000856cdf80}: 'java.lang.Object java.lang.invoke.DirectMethodHandle$Holder.invokeSpecial(java.lang.Object, java.lang.Object, java.lang.Object, java.lang.Object, java.lang.Object, int)'> (0x00000000856cdf80) thrown at [./src/hotspot/share/interpreter/linkResolver.cpp, line 773]
Event: 6.015 Thread 0x0000020b67c02000 Exception <a 'java/lang/NoSuchMethodError'{0x00000000856d25c0}: 'java.lang.Object java.lang.invoke.Invokers$Holder.linkToTargetMethod(java.lang.Object, java.lang.Object, java.lang.Object, int, java.lang.Object)'> (0x00000000856d25c0) thrown at [./src/hotspot/share/interpreter/linkResolver.cpp, line 773]
Event: 6.221 Thread 0x0000020b67c02000 Exception <a 'java/lang/NoSuchMethodError'{0x0000000084669c78}: 'java.lang.Object java.lang.invoke.DirectMethodHandle$Holder.invokeSpecial(java.lang.Object, java.lang.Object, int, int, java.lang.Object, java.lang.Object, java.lang.Object)'> (0x0000000084669c78) thrown at [./src/hotspot/share/interpreter/linkResolver.cpp, line 773]
Event: 6.221 Thread 0x0000020b67c02000 Exception <a 'java/lang/NoSuchMethodError'{0x000000008466e1f8}: 'java.lang.Object java.lang.invoke.DelegatingMethodHandle$Holder.reinvoke_L(java.lang.Object, int, int, java.lang.Object, java.lang.Object, java.lang.Object)'> (0x000000008466e1f8) thrown at [./src/hotspot/share/interpreter/linkResolver.cpp, line 773]
Event: 6.406 Thread 0x0000020b67c02000 Exception <a 'java/lang/NoSuchMethodError'{0x0000000086c0b088}: 'int java.lang.invoke.DirectMethodHandle$Holder.invokeInterface(java.lang.Object, java.lang.Object, java.lang.Object, java.lang.Object)'> (0x0000000086c0b088) thrown at [./src/hotspot/share/interpreter/linkResolver.cpp, line 773]
Event: 6.441 Thread 0x0000020b67c02000 Implicit null exception at 0x0000020b56c2413f to 0x0000020b56c24358
Event: 6.846 Thread 0x0000020b67c02000 Exception <a 'java/lang/IncompatibleClassChangeError'{0x0000000086ec1fa8}: Found class java.lang.Object, but interface was expected> (0x0000000086ec1fa8) thrown at [./src/hotspot/share/interpreter/linkResolver.cpp, line 839]
Event: 6.965 Thread 0x0000020b67c02000 Implicit null exception at 0x0000020b56c7e6ad to 0x0000020b56c7e974
Event: 7.191 Thread 0x0000020b67c02000 Exception <a 'sun/nio/fs/WindowsException'{0x0000000084c5db28}> (0x0000000084c5db28) thrown at [./src/hotspot/share/prims/jni.cpp, line 616]

Events (20 events):
Event: 7.335 loading class com/android/build/api/dsl/JacocoOptions
Event: 7.335 loading class com/android/build/api/dsl/JacocoOptions done
Event: 7.335 loading class com/android/build/api/dsl/TestCoverage
Event: 7.335 loading class com/android/build/api/dsl/TestCoverage done
Event: 7.335 loading class com/android/build/gradle/internal/dsl/LintOptions
Event: 7.335 loading class com/android/build/gradle/internal/dsl/LintOptions done
Event: 7.335 loading class com/android/builder/model/LintOptions
Event: 7.335 loading class com/android/builder/model/LintOptions done
Event: 7.336 loading class com/android/build/api/dsl/LintOptions
Event: 7.336 loading class com/android/build/api/dsl/LintOptions done
Event: 7.336 loading class com/android/build/api/dsl/ComposeOptions
Event: 7.336 loading class com/android/build/api/dsl/ComposeOptions done
Event: 7.336 loading class com/android/build/gradle/internal/dsl/ComposeOptionsImpl
Event: 7.336 loading class com/android/build/gradle/internal/dsl/ComposeOptionsImpl done
Event: 7.337 loading class com/android/build/gradle/internal/dsl/TestOptions
Event: 7.337 loading class com/android/build/gradle/internal/dsl/TestOptions done
Event: 7.337 loading class com/android/build/api/dsl/TestOptions
Event: 7.337 loading class com/android/build/api/dsl/TestOptions done
Event: 7.337 loading class com/android/build/api/dsl/SdkComponents
Event: 7.337 loading class com/android/build/api/dsl/SdkComponents done


Dynamic libraries:
0x00007ff61e250000 - 0x00007ff61e25a000 	C:\Program Files\Android\Android Studio\jre\bin\java.exe
0x00007ffaf8fb0000 - 0x00007ffaf91c5000 	C:\WINDOWS\SYSTEM32\ntdll.dll
0x00007ffaf8120000 - 0x00007ffaf81e5000 	C:\WINDOWS\System32\KERNEL32.DLL
0x00007ffaf6530000 - 0x00007ffaf68cd000 	C:\WINDOWS\System32\KERNELBASE.dll
0x00007ffaf6b70000 - 0x00007ffaf6c85000 	C:\WINDOWS\System32\ucrtbase.dll
0x00007ffae4730000 - 0x00007ffae4749000 	C:\Program Files\Android\Android Studio\jre\bin\jli.dll
0x00007ffae4280000 - 0x00007ffae4297000 	C:\Program Files\Android\Android Studio\jre\bin\VCRUNTIME140.dll
0x00007ffaf8270000 - 0x00007ffaf8420000 	C:\WINDOWS\System32\USER32.dll
0x00007ffaf6d20000 - 0x00007ffaf6d46000 	C:\WINDOWS\System32\win32u.dll
0x00007ffadcea0000 - 0x00007ffadd132000 	C:\WINDOWS\WinSxS\amd64_microsoft.windows.common-controls_6595b64144ccf1df_6.0.25267.1000_none_7aa5b59bf34adbaf\COMCTL32.dll
0x00007ffaf7ab0000 - 0x00007ffaf7ad8000 	C:\WINDOWS\System32\GDI32.dll
0x00007ffaf8a90000 - 0x00007ffaf8b37000 	C:\WINDOWS\System32\msvcrt.dll
0x00007ffaf68d0000 - 0x00007ffaf69e9000 	C:\WINDOWS\System32\gdi32full.dll
0x00007ffaf6350000 - 0x00007ffaf63e9000 	C:\WINDOWS\System32\msvcp_win.dll
0x00007ffaf7190000 - 0x00007ffaf71c0000 	C:\WINDOWS\System32\IMM32.DLL
0x00007ffae1a90000 - 0x00007ffae1b2d000 	C:\Program Files\Android\Android Studio\jre\bin\msvcp140.dll
0x00007ffab90f0000 - 0x00007ffab9bf2000 	C:\Program Files\Android\Android Studio\jre\bin\server\jvm.dll
0x00007ffaf8070000 - 0x00007ffaf811e000 	C:\WINDOWS\System32\ADVAPI32.dll
0x00007ffaf7ae0000 - 0x00007ffaf7b86000 	C:\WINDOWS\System32\sechost.dll
0x00007ffaf8e40000 - 0x00007ffaf8f69000 	C:\WINDOWS\System32\RPCRT4.dll
0x00007ffaf8b40000 - 0x00007ffaf8b48000 	C:\WINDOWS\System32\PSAPI.DLL
0x00007ffaef3b0000 - 0x00007ffaef3ba000 	C:\WINDOWS\SYSTEM32\VERSION.dll
0x00007ffaef550000 - 0x00007ffaef585000 	C:\WINDOWS\SYSTEM32\WINMM.dll
0x00007ffad0e70000 - 0x00007ffad0e79000 	C:\WINDOWS\SYSTEM32\WSOCK32.dll
0x00007ffaf7040000 - 0x00007ffaf70af000 	C:\WINDOWS\System32\WS2_32.dll
0x00007ffaf5320000 - 0x00007ffaf5338000 	C:\WINDOWS\SYSTEM32\kernel.appcore.dll
0x00007ffaecb80000 - 0x00007ffaecb91000 	C:\Program Files\Android\Android Studio\jre\bin\verify.dll
0x00007ffaf4070000 - 0x00007ffaf42a2000 	C:\WINDOWS\SYSTEM32\DBGHELP.DLL
0x00007ffaf7cd0000 - 0x00007ffaf8054000 	C:\WINDOWS\System32\combase.dll
0x00007ffaf71d0000 - 0x00007ffaf72a8000 	C:\WINDOWS\System32\OLEAUT32.dll
0x00007ffae5520000 - 0x00007ffae5552000 	C:\WINDOWS\SYSTEM32\dbgcore.DLL
0x00007ffaf6c90000 - 0x00007ffaf6d14000 	C:\WINDOWS\System32\bcryptPrimitives.dll
0x00007ffaecb50000 - 0x00007ffaecb79000 	C:\Program Files\Android\Android Studio\jre\bin\java.dll
0x00007ffaefb00000 - 0x00007ffaefb0b000 	C:\Program Files\Android\Android Studio\jre\bin\jimage.dll
0x00007ffaecb30000 - 0x00007ffaecb48000 	C:\Program Files\Android\Android Studio\jre\bin\zip.dll
0x00007ffaf72b0000 - 0x00007ffaf7aaa000 	C:\WINDOWS\System32\SHELL32.dll
0x00007ffaf42f0000 - 0x00007ffaf4b76000 	C:\WINDOWS\SYSTEM32\windows.storage.dll
0x00007ffaf8980000 - 0x00007ffaf8a67000 	C:\WINDOWS\System32\SHCORE.dll
0x00007ffaf8910000 - 0x00007ffaf896e000 	C:\WINDOWS\System32\shlwapi.dll
0x00007ffaf6270000 - 0x00007ffaf6291000 	C:\WINDOWS\SYSTEM32\profapi.dll
0x00007ffaecb10000 - 0x00007ffaecb2a000 	C:\Program Files\Android\Android Studio\jre\bin\net.dll
0x00007ffaeecd0000 - 0x00007ffaeedfd000 	C:\WINDOWS\SYSTEM32\WINHTTP.dll
0x00007ffaf5790000 - 0x00007ffaf57f9000 	C:\WINDOWS\system32\mswsock.dll
0x00007ffaecaf0000 - 0x00007ffaecb04000 	C:\Program Files\Android\Android Studio\jre\bin\nio.dll
0x00007ffaef690000 - 0x00007ffaef6b7000 	C:\Users\LENOVO\.gradle\native\e1d6ef7f7dcc3fd88c89a11ec53ec762bb8ba0a96d01ffa2cd45eb1d1d8dd5c5\windows-amd64\native-platform.dll
0x00007ffad08e0000 - 0x00007ffad0a24000 	C:\Users\LENOVO\.gradle\native\0d407fdbe67a94daf76414ababcb853783967236a71b16ec16e742cd7a986fd3\windows-amd64\native-platform-file-events.dll
0x00007ffaef720000 - 0x00007ffaef72a000 	C:\Program Files\Android\Android Studio\jre\bin\management.dll
0x00007ffaef670000 - 0x00007ffaef67d000 	C:\Program Files\Android\Android Studio\jre\bin\management_ext.dll
0x00007ffaf5a30000 - 0x00007ffaf5a4b000 	C:\WINDOWS\SYSTEM32\CRYPTSP.dll
0x00007ffaf5280000 - 0x00007ffaf52b4000 	C:\WINDOWS\system32\rsaenh.dll
0x00007ffaf5890000 - 0x00007ffaf58b8000 	C:\WINDOWS\SYSTEM32\USERENV.dll
0x00007ffaf5c50000 - 0x00007ffaf5c78000 	C:\WINDOWS\SYSTEM32\bcrypt.dll
0x00007ffaf5a20000 - 0x00007ffaf5a2c000 	C:\WINDOWS\SYSTEM32\CRYPTBASE.dll
0x00007ffaf4e20000 - 0x00007ffaf4e4e000 	C:\WINDOWS\SYSTEM32\IPHLPAPI.DLL
0x00007ffaf7180000 - 0x00007ffaf7189000 	C:\WINDOWS\System32\NSI.dll
0x00007ffaeecb0000 - 0x00007ffaeecc9000 	C:\WINDOWS\SYSTEM32\dhcpcsvc6.DLL
0x00007ffaeea90000 - 0x00007ffaeeaaf000 	C:\WINDOWS\SYSTEM32\dhcpcsvc.DLL
0x00007ffaf4eb0000 - 0x00007ffaf4fb0000 	C:\WINDOWS\SYSTEM32\DNSAPI.dll

dbghelp: loaded successfully - version: 4.0.5 - missing functions: none
symbol engine: initialized successfully - sym options: 0x614 - pdb path: .;C:\Program Files\Android\Android Studio\jre\bin;C:\WINDOWS\SYSTEM32;C:\WINDOWS\WinSxS\amd64_microsoft.windows.common-controls_6595b64144ccf1df_6.0.25267.1000_none_7aa5b59bf34adbaf;C:\Program Files\Android\Android Studio\jre\bin\server;C:\Users\LENOVO\.gradle\native\e1d6ef7f7dcc3fd88c89a11ec53ec762bb8ba0a96d01ffa2cd45eb1d1d8dd5c5\windows-amd64;C:\Users\LENOVO\.gradle\native\0d407fdbe67a94daf76414ababcb853783967236a71b16ec16e742cd7a986fd3\windows-amd64

VM Arguments:
jvm_args: --add-opens=java.base/java.util=ALL-UNNAMED --add-opens=java.base/java.lang=ALL-UNNAMED --add-opens=java.base/java.lang.invoke=ALL-UNNAMED --add-opens=java.base/java.util=ALL-UNNAMED --add-opens=java.prefs/java.util.prefs=ALL-UNNAMED --add-opens=java.prefs/java.util.prefs=ALL-UNNAMED --add-opens=java.base/java.nio.charset=ALL-UNNAMED --add-opens=java.base/java.net=ALL-UNNAMED --add-opens=java.base/java.util.concurrent.atomic=ALL-UNNAMED -Xmx2048m -Dfile.encoding=UTF-8 -Duser.country=US -Duser.language=en -Duser.variant 
java_command: org.gradle.launcher.daemon.bootstrap.GradleDaemon 7.4
java_class_path (initial): C:\Users\LENOVO\.gradle\wrapper\dists\gradle-7.4-bin\c0gwcg53nkjbqw7r0h0umtfvt\gradle-7.4\lib\gradle-launcher-7.4.jar
Launcher Type: SUN_STANDARD

[Global flags]
     intx CICompilerCount                          = 4                                         {product} {ergonomic}
     uint ConcGCThreads                            = 3                                         {product} {ergonomic}
     uint G1ConcRefinementThreads                  = 10                                        {product} {ergonomic}
   size_t G1HeapRegionSize                         = 1048576                                   {product} {ergonomic}
    uintx GCDrainStackTargetSize                   = 64                                        {product} {ergonomic}
   size_t InitialHeapSize                          = 98566144                                  {product} {ergonomic}
   size_t MarkStackSize                            = 4194304                                   {product} {ergonomic}
   size_t MaxHeapSize                              = 2147483648                                {product} {command line}
   size_t MaxNewSize                               = 1287651328                                {product} {ergonomic}
   size_t MinHeapDeltaBytes                        = 1048576                                   {product} {ergonomic}
    uintx NonNMethodCodeHeapSize                   = 5836300                                {pd product} {ergonomic}
    uintx NonProfiledCodeHeapSize                  = 122910970                              {pd product} {ergonomic}
    uintx ProfiledCodeHeapSize                     = 122910970                              {pd product} {ergonomic}
    uintx ReservedCodeCacheSize                    = 251658240                              {pd product} {ergonomic}
     bool SegmentedCodeCache                       = true                                      {product} {ergonomic}
     bool UseCompressedClassPointers               = true                                 {lp64_product} {ergonomic}
     bool UseCompressedOops                        = true                                 {lp64_product} {ergonomic}
     bool UseG1GC                                  = true                                      {product} {ergonomic}
     bool UseLargePagesIndividualAllocation        = false                                  {pd product} {ergonomic}

Logging:
Log output configuration:
 #0: stdout all=warning uptime,level,tags
 #1: stderr all=off uptime,level,tags

Environment Variables:
PATH=C:\WINDOWS\system32;C:\WINDOWS;C:\WINDOWS\System32\Wbem;C:\WINDOWS\System32\WindowsPowerShell\v1.0\;C:\WINDOWS\System32\OpenSSH\;C:\Program Files\Git\cmd;C:\xampp\php;C:\wamp64\bin\mysql\mysql5.7.36\bin;C:\Program Files\nodejs\;C:\Users\LENOVO\AppData\Local\Programs\Python\Python39\Scripts\;C:\Users\LENOVO\AppData\Local\Programs\Python\Python39\;C:\Users\LENOVO\AppData\Local\Programs\Python\Launcher\;C:\Users\LENOVO\AppData\Local\Microsoft\WindowsApps;C:\Users\LENOVO\AppData\Local\Programs\Microsoft VS Code\bin;C:\Program Files\CodeBlocks\MinGW\bin;C:\xampp\php;C:\Users\LENOVO\AppData\Roaming\npm;
USERNAME=Hilmi Hanif
OS=Windows_NT
PROCESSOR_IDENTIFIER=AMD64 Family 23 Model 104 Stepping 1, AuthenticAMD



---------------  S Y S T E M  ---------------

OS: Windows 11 , 64 bit Build 25267 (10.0.25267.1000)
OS uptime: 0 days 4:52 hours

CPU:total 12 (initial active 12) (12 cores per cpu, 2 threads per core) family 23 model 104 stepping 1 microcode 0x8608103, cmov, cx8, fxsr, mmx, sse, sse2, sse3, ssse3, sse4.1, sse4.2, popcnt, avx, avx2, aes, clmul, mmxext, 3dnowpref, lzcnt, sse4a, ht, tsc, tscinvbit, tscinv, bmi1, bmi2, adx, sha, fma

Memory: 4k page, system-wide physical 6005M (247M free)
TotalPageFile size 14197M (AvailPageFile size 5M)
current process WorkingSet (physical memory assigned to process): 306M, peak: 306M
current process commit charge ("private bytes"): 350M, peak: 350M

vm_info: OpenJDK 64-Bit Server VM (11.0.13+0-b1751.21-8125866) for windows-amd64 JRE (11.0.13+0-b1751.21-8125866), built on Feb  2 2022 03:00:22 by "builder" with MS VC++ 14.0 (VS2015)

END.
