#
# There is insufficient memory for the Java Runtime Environment to continue.
# Native memory allocation (malloc) failed to allocate 2112656 bytes for Chunk::new
# Possible reasons:
#   The system is out of physical RAM or swap space
#   The process is running with CompressedOops enabled, and the Java Heap may be blocking the growth of the native heap
# Possible solutions:
#   Reduce memory load on the system
#   Increase physical memory or swap space
#   Check if swap backing store is full
#   Decrease Java heap size (-Xmx/-Xms)
#   Decrease number of Java threads
#   Decrease Java thread stack sizes (-Xss)
#   Set larger code cache with -XX:ReservedCodeCacheSize=
#   JVM is running with Unscaled Compressed Oops mode in which the Java heap is
#     placed in the first 4GB address space. The Java Heap base address is the
#     maximum limit for the native heap growth. Please use -XX:HeapBaseMinAddress
#     to set the Java Heap base and to place the Java Heap above 4GB virtual address.
# This output file may be truncated or incomplete.
#
#  Out of Memory Error (./src/hotspot/share/memory/arena.cpp:197), pid=8904, tid=14728
#
# JRE version: OpenJDK Runtime Environment (11.0.13) (build 11.0.13+0-b1751.21-8125866)
# Java VM: OpenJDK 64-Bit Server VM (11.0.13+0-b1751.21-8125866, mixed mode, tiered, compressed oops, g1 gc, windows-amd64)
# No core dump will be written. Minidumps are not enabled by default on client versions of Windows
#

---------------  S U M M A R Y ------------

Command Line: --add-opens=java.base/java.util=ALL-UNNAMED --add-opens=java.base/java.lang=ALL-UNNAMED --add-opens=java.base/java.lang.invoke=ALL-UNNAMED --add-opens=java.base/java.util=ALL-UNNAMED --add-opens=java.prefs/java.util.prefs=ALL-UNNAMED --add-opens=java.prefs/java.util.prefs=ALL-UNNAMED --add-opens=java.base/java.nio.charset=ALL-UNNAMED --add-opens=java.base/java.net=ALL-UNNAMED --add-opens=java.base/java.util.concurrent.atomic=ALL-UNNAMED -Xmx2048m -Dfile.encoding=UTF-8 -Duser.country=US -Duser.language=en -Duser.variant org.gradle.launcher.daemon.bootstrap.GradleDaemon 7.4

Host: AMD Ryzen 5 5500U with Radeon Graphics         , 12 cores, 5G,  Windows 11 , 64 bit Build 25267 (10.0.25267.1000)
Time: Fri Dec 30 15:55:35 2022 SE Asia Standard Time elapsed time: 6.916198 seconds (0d 0h 0m 6s)

---------------  T H R E A D  ---------------

Current thread (0x000001e3a7847800):  JavaThread "C2 CompilerThread0" daemon [_thread_in_native, id=14728, stack(0x000000d0af600000,0x000000d0af700000)]


Current CompileTask:
C2:   6916 3713       4       org.objectweb.asm.Frame::execute (2318 bytes)

Stack: [0x000000d0af600000,0x000000d0af700000]
Native frames: (J=compiled Java code, j=interpreted, Vv=VM code, C=native code)
V  [jvm.dll+0x6100fa]
V  [jvm.dll+0x747090]
V  [jvm.dll+0x7486ad]
V  [jvm.dll+0x748d83]
V  [jvm.dll+0x24ab48]
V  [jvm.dll+0xc04dc]
V  [jvm.dll+0xc0a0c]
V  [jvm.dll+0x35eb5b]
V  [jvm.dll+0x32b833]
V  [jvm.dll+0x32ad2a]
V  [jvm.dll+0x2032b2]
V  [jvm.dll+0x202437]
V  [jvm.dll+0x188e01]
V  [jvm.dll+0x21106b]
V  [jvm.dll+0x20f8c1]
V  [jvm.dll+0x70de0f]
V  [jvm.dll+0x706a75]
V  [jvm.dll+0x60ed66]
C  [ucrtbase.dll+0x2b11b]
C  [KERNEL32.DLL+0x13d2d]
C  [ntdll.dll+0x4d838]


---------------  P R O C E S S  ---------------

Threads class SMR info:
_java_thread_list=0x000001e3ab9af280, length=35, elements={
0x000001e38a38c000, 0x000001e3a6ec9000, 0x000001e3a6ecb800, 0x000001e3a7842800,
0x000001e3a7843000, 0x000001e3a7844000, 0x000001e3a7847800, 0x000001e3a7848800,
0x000001e3a784b800, 0x000001e3a79ae800, 0x000001e3a903d800, 0x000001e3a823b000,
0x000001e3a9112800, 0x000001e3a98eb000, 0x000001e3a89f1000, 0x000001e3a9d65000,
0x000001e3a9d66000, 0x000001e3a9a84000, 0x000001e3a9d6b800, 0x000001e3a9d0e000,
0x000001e3a9d08800, 0x000001e3a9d0f000, 0x000001e3a9d0b000, 0x000001e3a9d09000,
0x000001e3a9d0a000, 0x000001e3a9d0c800, 0x000001e3a9d0d800, 0x000001e3a9d0b800,
0x000001e3aa52d800, 0x000001e3aa52e800, 0x000001e3aa52c000, 0x000001e3aa528800,
0x000001e3aa52b000, 0x000001e3aa52c800, 0x000001e3aa52f000
}

Java Threads: ( => current thread )
  0x000001e38a38c000 JavaThread "main" [_thread_blocked, id=18772, stack(0x000000d0aea00000,0x000000d0aeb00000)]
  0x000001e3a6ec9000 JavaThread "Reference Handler" daemon [_thread_blocked, id=11476, stack(0x000000d0af100000,0x000000d0af200000)]
  0x000001e3a6ecb800 JavaThread "Finalizer" daemon [_thread_blocked, id=6392, stack(0x000000d0af200000,0x000000d0af300000)]
  0x000001e3a7842800 JavaThread "Signal Dispatcher" daemon [_thread_blocked, id=6220, stack(0x000000d0af300000,0x000000d0af400000)]
  0x000001e3a7843000 JavaThread "Attach Listener" daemon [_thread_blocked, id=8556, stack(0x000000d0af400000,0x000000d0af500000)]
  0x000001e3a7844000 JavaThread "Service Thread" daemon [_thread_blocked, id=3420, stack(0x000000d0af500000,0x000000d0af600000)]
=>0x000001e3a7847800 JavaThread "C2 CompilerThread0" daemon [_thread_in_native, id=14728, stack(0x000000d0af600000,0x000000d0af700000)]
  0x000001e3a7848800 JavaThread "C1 CompilerThread0" daemon [_thread_blocked, id=16380, stack(0x000000d0af700000,0x000000d0af800000)]
  0x000001e3a784b800 JavaThread "Sweeper thread" daemon [_thread_blocked, id=15152, stack(0x000000d0af800000,0x000000d0af900000)]
  0x000001e3a79ae800 JavaThread "Common-Cleaner" daemon [_thread_blocked, id=17116, stack(0x000000d0af900000,0x000000d0afa00000)]
  0x000001e3a903d800 JavaThread "Daemon health stats" [_thread_blocked, id=12228, stack(0x000000d0afc00000,0x000000d0afd00000)]
  0x000001e3a823b000 JavaThread "Incoming local TCP Connector on port 55052" [_thread_in_native, id=18352, stack(0x000000d0afd00000,0x000000d0afe00000)]
  0x000001e3a9112800 JavaThread "Daemon periodic checks" [_thread_blocked, id=7308, stack(0x000000d0afe00000,0x000000d0aff00000)]
  0x000001e3a98eb000 JavaThread "Daemon" [_thread_blocked, id=2508, stack(0x000000d0aff00000,0x000000d0b0000000)]
  0x000001e3a89f1000 JavaThread "Handler for socket connection from /127.0.0.1:55052 to /127.0.0.1:55053" [_thread_in_native, id=5964, stack(0x000000d0b0000000,0x000000d0b0100000)]
  0x000001e3a9d65000 JavaThread "Cancel handler" [_thread_blocked, id=10112, stack(0x000000d0b0100000,0x000000d0b0200000)]
  0x000001e3a9d66000 JavaThread "Daemon worker" [_thread_in_vm, id=132, stack(0x000000d0b0200000,0x000000d0b0300000)]
  0x000001e3a9a84000 JavaThread "Asynchronous log dispatcher for DefaultDaemonConnection: socket connection from /127.0.0.1:55052 to /127.0.0.1:55053" [_thread_blocked, id=11812, stack(0x000000d0b0300000,0x000000d0b0400000)]
  0x000001e3a9d6b800 JavaThread "Stdin handler" [_thread_blocked, id=5076, stack(0x000000d0b0400000,0x000000d0b0500000)]
  0x000001e3a9d0e000 JavaThread "Daemon client event forwarder" [_thread_blocked, id=14648, stack(0x000000d0b0500000,0x000000d0b0600000)]
  0x000001e3a9d08800 JavaThread "Cache worker for journal cache (C:\Users\LENOVO\.gradle\caches\journal-1)" [_thread_blocked, id=9752, stack(0x000000d0b0e00000,0x000000d0b0f00000)]
  0x000001e3a9d0f000 JavaThread "File lock request listener" [_thread_in_native, id=15488, stack(0x000000d0b0f00000,0x000000d0b1000000)]
  0x000001e3a9d0b000 JavaThread "Cache worker for file hash cache (C:\Users\LENOVO\.gradle\caches\7.4\fileHashes)" [_thread_blocked, id=5408, stack(0x000000d0b1000000,0x000000d0b1100000)]
  0x000001e3a9d09000 JavaThread "File watcher server" daemon [_thread_in_native, id=16160, stack(0x000000d0b1300000,0x000000d0b1400000)]
  0x000001e3a9d0a000 JavaThread "File watcher consumer" daemon [_thread_blocked, id=12488, stack(0x000000d0b1400000,0x000000d0b1500000)]
  0x000001e3a9d0c800 JavaThread "Cache worker for checksums cache (D:\Pemrograman Bergerak\Kalkulator\.gradle\7.4\checksums)" [_thread_blocked, id=2268, stack(0x000000d0b1500000,0x000000d0b1600000)]
  0x000001e3a9d0d800 JavaThread "Cache worker for cache directory md-rule (C:\Users\LENOVO\.gradle\caches\7.4\md-rule)" [_thread_blocked, id=3152, stack(0x000000d0b1600000,0x000000d0b1700000)]
  0x000001e3a9d0b800 JavaThread "Cache worker for file hash cache (D:\Pemrograman Bergerak\Kalkulator\.gradle\7.4\fileHashes)" [_thread_blocked, id=8424, stack(0x000000d0b1700000,0x000000d0b1800000)]
  0x000001e3aa52d800 JavaThread "Cache worker for cache directory md-supplier (C:\Users\LENOVO\.gradle\caches\7.4\md-supplier)" [_thread_blocked, id=12052, stack(0x000000d0b1800000,0x000000d0b1900000)]
  0x000001e3aa52e800 JavaThread "Cache worker for execution history cache (C:\Users\LENOVO\.gradle\caches\7.4\executionHistory)" [_thread_blocked, id=13232, stack(0x000000d0b1900000,0x000000d0b1a00000)]
  0x000001e3aa52c000 JavaThread "jar transforms" [_thread_blocked, id=20368, stack(0x000000d0b1a00000,0x000000d0b1b00000)]
  0x000001e3aa528800 JavaThread "Cache worker for file content cache (C:\Users\LENOVO\.gradle\caches\7.4\fileContent)" [_thread_blocked, id=9588, stack(0x000000d0b1b00000,0x000000d0b1c00000)]
  0x000001e3aa52b000 JavaThread "jar transforms Thread 2" [_thread_blocked, id=19708, stack(0x000000d0b1c00000,0x000000d0b1d00000)]
  0x000001e3aa52c800 JavaThread "Cache worker for dependencies-accessors (D:\Pemrograman Bergerak\Kalkulator\.gradle\7.4\dependencies-accessors)" [_thread_blocked, id=18376, stack(0x000000d0b1d00000,0x000000d0b1e00000)]
  0x000001e3aa52f000 JavaThread "jar transforms Thread 3" [_thread_blocked, id=18768, stack(0x000000d0b1e00000,0x000000d0b1f00000)]

Other Threads:
  0x000001e3a6ec7800 VMThread "VM Thread" [stack: 0x000000d0af000000,0x000000d0af100000] [id=13780]
  0x000001e3a79c1800 WatcherThread [stack: 0x000000d0afa00000,0x000000d0afb00000] [id=8708]
  0x000001e38c5d2000 GCTaskThread "GC Thread#0" [stack: 0x000000d0aeb00000,0x000000d0aec00000] [id=12492]
  0x000001e3a8422800 GCTaskThread "GC Thread#1" [stack: 0x000000d0afb00000,0x000000d0afc00000] [id=1820]
  0x000001e3a9c24000 GCTaskThread "GC Thread#2" [stack: 0x000000d0b0600000,0x000000d0b0700000] [id=16664]
  0x000001e3a9c7a800 GCTaskThread "GC Thread#3" [stack: 0x000000d0b0700000,0x000000d0b0800000] [id=5392]
  0x000001e3a9c7b800 GCTaskThread "GC Thread#4" [stack: 0x000000d0b0800000,0x000000d0b0900000] [id=19916]
  0x000001e3a9c53000 GCTaskThread "GC Thread#5" [stack: 0x000000d0b0900000,0x000000d0b0a00000] [id=19872]
  0x000001e3a9c54000 GCTaskThread "GC Thread#6" [stack: 0x000000d0b0a00000,0x000000d0b0b00000] [id=15072]
  0x000001e3a9c54800 GCTaskThread "GC Thread#7" [stack: 0x000000d0b0b00000,0x000000d0b0c00000] [id=17796]
  0x000001e3a9c55000 GCTaskThread "GC Thread#8" [stack: 0x000000d0b0c00000,0x000000d0b0d00000] [id=14560]
  0x000001e3a9c47000 GCTaskThread "GC Thread#9" [stack: 0x000000d0b0d00000,0x000000d0b0e00000] [id=16476]
  0x000001e38c608800 ConcurrentGCThread "G1 Main Marker" [stack: 0x000000d0aec00000,0x000000d0aed00000] [id=6856]
  0x000001e38c60a800 ConcurrentGCThread "G1 Conc#0" [stack: 0x000000d0aed00000,0x000000d0aee00000] [id=5820]
  0x000001e3a9f20000 ConcurrentGCThread "G1 Conc#1" [stack: 0x000000d0b1100000,0x000000d0b1200000] [id=1624]
  0x000001e3a9f7f000 ConcurrentGCThread "G1 Conc#2" [stack: 0x000000d0b1200000,0x000000d0b1300000] [id=11620]
  0x000001e3a6d14800 ConcurrentGCThread "G1 Refine#0" [stack: 0x000000d0aee00000,0x000000d0aef00000] [id=16232]
  0x000001e3a6d1a800 ConcurrentGCThread "G1 Young RemSet Sampling" [stack: 0x000000d0aef00000,0x000000d0af000000] [id=15340]

Threads with active compile tasks:
C2 CompilerThread0   6953 3713       4       org.objectweb.asm.Frame::execute (2318 bytes)

VM state:not at safepoint (normal execution)

VM Mutex/Monitor currently owned by a thread: None

Heap address: 0x0000000080000000, size: 2048 MB, Compressed Oops mode: 32-bit
Narrow klass base: 0x0000000000000000, Narrow klass shift: 3
Compressed class space size: 1073741824 Address: 0x0000000100000000

Heap:
 garbage-first heap   total 115712K, used 67270K [0x0000000080000000, 0x0000000100000000)
  region size 1024K, 39 young (39936K), 1 survivors (1024K)
 Metaspace       used 46285K, capacity 47368K, committed 47484K, reserved 1091584K
  class space    used 5872K, capacity 6298K, committed 6400K, reserved 1048576K
Heap Regions: E=young(eden), S=young(survivor), O=old, HS=humongous(starts), HC=humongous(continues), CS=collection set, F=free, A=archive, TAMS=top-at-mark-start (previous, next)
|   0|0x0000000080000000, 0x0000000080100000, 0x0000000080100000|100%| O|  |TAMS 0x0000000080100000, 0x0000000080000000| Untracked 
|   1|0x0000000080100000, 0x0000000080200000, 0x0000000080200000|100%| O|  |TAMS 0x0000000080200000, 0x0000000080100000| Untracked 
|   2|0x0000000080200000, 0x0000000080300000, 0x0000000080300000|100%| O|  |TAMS 0x0000000080300000, 0x0000000080200000| Untracked 
|   3|0x0000000080300000, 0x0000000080400000, 0x0000000080400000|100%|HS|  |TAMS 0x0000000080400000, 0x0000000080300000| Complete 
|   4|0x0000000080400000, 0x0000000080500000, 0x0000000080500000|100%|HC|  |TAMS 0x0000000080500000, 0x0000000080400000| Complete 
|   5|0x0000000080500000, 0x0000000080600000, 0x0000000080600000|100%|HC|  |TAMS 0x0000000080600000, 0x0000000080500000| Complete 
|   6|0x0000000080600000, 0x0000000080700000, 0x0000000080700000|100%| O|  |TAMS 0x0000000080700000, 0x0000000080600000| Untracked 
|   7|0x0000000080700000, 0x0000000080800000, 0x0000000080800000|100%| O|  |TAMS 0x0000000080800000, 0x0000000080700000| Untracked 
|   8|0x0000000080800000, 0x0000000080900000, 0x0000000080900000|100%| O|  |TAMS 0x0000000080900000, 0x0000000080800000| Untracked 
|   9|0x0000000080900000, 0x0000000080a00000, 0x0000000080a00000|100%| O|  |TAMS 0x0000000080a00000, 0x0000000080900000| Untracked 
|  10|0x0000000080a00000, 0x0000000080b00000, 0x0000000080b00000|100%| O|  |TAMS 0x0000000080b00000, 0x0000000080a00000| Untracked 
|  11|0x0000000080b00000, 0x0000000080c00000, 0x0000000080c00000|100%| O|  |TAMS 0x0000000080c00000, 0x0000000080b00000| Untracked 
|  12|0x0000000080c00000, 0x0000000080d00000, 0x0000000080d00000|100%| O|  |TAMS 0x0000000080d00000, 0x0000000080c00000| Untracked 
|  13|0x0000000080d00000, 0x0000000080e00000, 0x0000000080e00000|100%| O|  |TAMS 0x0000000080e00000, 0x0000000080d00000| Untracked 
|  14|0x0000000080e00000, 0x0000000080f00000, 0x0000000080f00000|100%| O|  |TAMS 0x0000000080f00000, 0x0000000080e00000| Untracked 
|  15|0x0000000080f00000, 0x0000000081000000, 0x0000000081000000|100%| O|  |TAMS 0x0000000081000000, 0x0000000080f00000| Untracked 
|  16|0x0000000081000000, 0x0000000081100000, 0x0000000081100000|100%| O|  |TAMS 0x00000000810b6e00, 0x0000000081000000| Untracked 
|  17|0x0000000081100000, 0x0000000081200000, 0x0000000081200000|100%| O|  |TAMS 0x0000000081100000, 0x0000000081100000| Untracked 
|  18|0x0000000081200000, 0x0000000081300000, 0x0000000081300000|100%| O|  |TAMS 0x0000000081200000, 0x0000000081200000| Untracked 
|  19|0x0000000081300000, 0x0000000081400000, 0x0000000081400000|100%| O|  |TAMS 0x0000000081300000, 0x0000000081300000| Untracked 
|  20|0x0000000081400000, 0x0000000081500000, 0x0000000081500000|100%| O|  |TAMS 0x0000000081400000, 0x0000000081400000| Untracked 
|  21|0x0000000081500000, 0x0000000081600000, 0x0000000081600000|100%| O|  |TAMS 0x0000000081500000, 0x0000000081500000| Untracked 
|  22|0x0000000081600000, 0x0000000081643600, 0x0000000081700000| 26%| O|  |TAMS 0x0000000081600000, 0x0000000081600000| Untracked 
|  23|0x0000000081700000, 0x0000000081800000, 0x0000000081800000|100%| O|  |TAMS 0x0000000081700000, 0x0000000081700000| Untracked 
|  24|0x0000000081800000, 0x0000000081900000, 0x0000000081900000|100%| O|  |TAMS 0x0000000081800000, 0x0000000081800000| Untracked 
|  25|0x0000000081900000, 0x0000000081a00000, 0x0000000081a00000|100%| O|  |TAMS 0x0000000081900000, 0x0000000081900000| Untracked 
|  26|0x0000000081a00000, 0x0000000081b00000, 0x0000000081b00000|100%| O|  |TAMS 0x0000000081a00000, 0x0000000081a00000| Untracked 
|  27|0x0000000081b00000, 0x0000000081c00000, 0x0000000081c00000|100%| O|  |TAMS 0x0000000081b00000, 0x0000000081b00000| Untracked 
|  28|0x0000000081c00000, 0x0000000081d00000, 0x0000000081d00000|100%| O|  |TAMS 0x0000000081c00000, 0x0000000081c00000| Untracked 
|  29|0x0000000081d00000, 0x0000000081e00000, 0x0000000081e00000|100%|HS|  |TAMS 0x0000000081d00000, 0x0000000081d00000| Complete 
|  30|0x0000000081e00000, 0x0000000081e00000, 0x0000000081f00000|  0%| F|  |TAMS 0x0000000081e00000, 0x0000000081e00000| Untracked 
|  31|0x0000000081f00000, 0x0000000081f00000, 0x0000000082000000|  0%| F|  |TAMS 0x0000000081f00000, 0x0000000081f00000| Untracked 
|  32|0x0000000082000000, 0x0000000082000000, 0x0000000082100000|  0%| F|  |TAMS 0x0000000082000000, 0x0000000082000000| Untracked 
|  33|0x0000000082100000, 0x0000000082100000, 0x0000000082200000|  0%| F|  |TAMS 0x0000000082100000, 0x0000000082100000| Untracked 
|  34|0x0000000082200000, 0x0000000082200000, 0x0000000082300000|  0%| F|  |TAMS 0x0000000082200000, 0x0000000082200000| Untracked 
|  35|0x0000000082300000, 0x0000000082300000, 0x0000000082400000|  0%| F|  |TAMS 0x0000000082300000, 0x0000000082300000| Untracked 
|  36|0x0000000082400000, 0x0000000082400000, 0x0000000082500000|  0%| F|  |TAMS 0x0000000082400000, 0x0000000082400000| Untracked 
|  37|0x0000000082500000, 0x0000000082500000, 0x0000000082600000|  0%| F|  |TAMS 0x0000000082500000, 0x0000000082500000| Untracked 
|  38|0x0000000082600000, 0x0000000082600000, 0x0000000082700000|  0%| F|  |TAMS 0x0000000082600000, 0x0000000082600000| Untracked 
|  39|0x0000000082700000, 0x0000000082700000, 0x0000000082800000|  0%| F|  |TAMS 0x0000000082700000, 0x0000000082700000| Untracked 
|  40|0x0000000082800000, 0x0000000082800000, 0x0000000082900000|  0%| F|  |TAMS 0x0000000082800000, 0x0000000082800000| Untracked 
|  41|0x0000000082900000, 0x0000000082900000, 0x0000000082a00000|  0%| F|  |TAMS 0x0000000082900000, 0x0000000082900000| Untracked 
|  42|0x0000000082a00000, 0x0000000082a00000, 0x0000000082b00000|  0%| F|  |TAMS 0x0000000082a00000, 0x0000000082a00000| Untracked 
|  43|0x0000000082b00000, 0x0000000082b00000, 0x0000000082c00000|  0%| F|  |TAMS 0x0000000082b00000, 0x0000000082b00000| Untracked 
|  44|0x0000000082c00000, 0x0000000082c00000, 0x0000000082d00000|  0%| F|  |TAMS 0x0000000082c00000, 0x0000000082c00000| Untracked 
|  45|0x0000000082d00000, 0x0000000082d00000, 0x0000000082e00000|  0%| F|  |TAMS 0x0000000082d00000, 0x0000000082d00000| Untracked 
|  46|0x0000000082e00000, 0x0000000082e00000, 0x0000000082f00000|  0%| F|  |TAMS 0x0000000082e00000, 0x0000000082e00000| Untracked 
|  47|0x0000000082f00000, 0x0000000082f00000, 0x0000000083000000|  0%| F|  |TAMS 0x0000000082f00000, 0x0000000082f00000| Untracked 
|  48|0x0000000083000000, 0x0000000083000000, 0x0000000083100000|  0%| F|  |TAMS 0x0000000083000000, 0x0000000083000000| Untracked 
|  49|0x0000000083100000, 0x0000000083100000, 0x0000000083200000|  0%| F|  |TAMS 0x0000000083100000, 0x0000000083100000| Untracked 
|  50|0x0000000083200000, 0x0000000083200000, 0x0000000083300000|  0%| F|  |TAMS 0x0000000083200000, 0x0000000083200000| Untracked 
|  51|0x0000000083300000, 0x0000000083300000, 0x0000000083400000|  0%| F|  |TAMS 0x0000000083300000, 0x0000000083300000| Untracked 
|  52|0x0000000083400000, 0x0000000083400000, 0x0000000083500000|  0%| F|  |TAMS 0x0000000083400000, 0x0000000083400000| Untracked 
|  53|0x0000000083500000, 0x0000000083500000, 0x0000000083600000|  0%| F|  |TAMS 0x0000000083500000, 0x0000000083500000| Untracked 
|  54|0x0000000083600000, 0x0000000083600000, 0x0000000083700000|  0%| F|  |TAMS 0x0000000083600000, 0x0000000083600000| Untracked 
|  55|0x0000000083700000, 0x0000000083700000, 0x0000000083800000|  0%| F|  |TAMS 0x0000000083700000, 0x0000000083700000| Untracked 
|  56|0x0000000083800000, 0x0000000083800000, 0x0000000083900000|  0%| F|  |TAMS 0x0000000083800000, 0x0000000083800000| Untracked 
|  57|0x0000000083900000, 0x0000000083900000, 0x0000000083a00000|  0%| F|  |TAMS 0x0000000083900000, 0x0000000083900000| Untracked 
|  58|0x0000000083a00000, 0x0000000083a00000, 0x0000000083b00000|  0%| F|  |TAMS 0x0000000083a00000, 0x0000000083a00000| Untracked 
|  59|0x0000000083b00000, 0x0000000083b00000, 0x0000000083c00000|  0%| F|  |TAMS 0x0000000083b00000, 0x0000000083b00000| Untracked 
|  60|0x0000000083c00000, 0x0000000083c00000, 0x0000000083d00000|  0%| F|  |TAMS 0x0000000083c00000, 0x0000000083c00000| Untracked 
|  61|0x0000000083d00000, 0x0000000083d00000, 0x0000000083e00000|  0%| F|  |TAMS 0x0000000083d00000, 0x0000000083d00000| Untracked 
|  62|0x0000000083e00000, 0x0000000083e00000, 0x0000000083f00000|  0%| F|  |TAMS 0x0000000083e00000, 0x0000000083e00000| Untracked 
|  63|0x0000000083f00000, 0x0000000083f00000, 0x0000000084000000|  0%| F|  |TAMS 0x0000000083f00000, 0x0000000083f00000| Untracked 
|  64|0x0000000084000000, 0x0000000084000000, 0x0000000084100000|  0%| F|  |TAMS 0x0000000084000000, 0x0000000084000000| Untracked 
|  65|0x0000000084100000, 0x0000000084100000, 0x0000000084200000|  0%| F|  |TAMS 0x0000000084100000, 0x0000000084100000| Untracked 
|  66|0x0000000084200000, 0x0000000084200000, 0x0000000084300000|  0%| F|  |TAMS 0x0000000084200000, 0x0000000084200000| Untracked 
|  67|0x0000000084300000, 0x0000000084300000, 0x0000000084400000|  0%| F|  |TAMS 0x0000000084300000, 0x0000000084300000| Untracked 
|  68|0x0000000084400000, 0x0000000084400000, 0x0000000084500000|  0%| F|  |TAMS 0x0000000084400000, 0x0000000084400000| Untracked 
|  69|0x0000000084500000, 0x0000000084500000, 0x0000000084600000|  0%| F|  |TAMS 0x0000000084500000, 0x0000000084500000| Untracked 
|  70|0x0000000084600000, 0x0000000084600000, 0x0000000084700000|  0%| F|  |TAMS 0x0000000084600000, 0x0000000084600000| Untracked 
|  71|0x0000000084700000, 0x0000000084700000, 0x0000000084800000|  0%| F|  |TAMS 0x0000000084700000, 0x0000000084700000| Untracked 
|  72|0x0000000084800000, 0x0000000084800000, 0x0000000084900000|  0%| F|  |TAMS 0x0000000084800000, 0x0000000084800000| Untracked 
|  73|0x0000000084900000, 0x0000000084900000, 0x0000000084a00000|  0%| F|  |TAMS 0x0000000084900000, 0x0000000084900000| Untracked 
|  74|0x0000000084a00000, 0x0000000084a80800, 0x0000000084b00000| 50%| E|  |TAMS 0x0000000084a00000, 0x0000000084a00000| Complete 
|  75|0x0000000084b00000, 0x0000000084c00000, 0x0000000084c00000|100%| E|CS|TAMS 0x0000000084b00000, 0x0000000084b00000| Complete 
|  76|0x0000000084c00000, 0x0000000084d00000, 0x0000000084d00000|100%| E|CS|TAMS 0x0000000084c00000, 0x0000000084c00000| Complete 
|  77|0x0000000084d00000, 0x0000000084e00000, 0x0000000084e00000|100%| E|CS|TAMS 0x0000000084d00000, 0x0000000084d00000| Complete 
|  78|0x0000000084e00000, 0x0000000084f00000, 0x0000000084f00000|100%| E|CS|TAMS 0x0000000084e00000, 0x0000000084e00000| Complete 
|  79|0x0000000084f00000, 0x0000000085000000, 0x0000000085000000|100%| E|CS|TAMS 0x0000000084f00000, 0x0000000084f00000| Complete 
|  80|0x0000000085000000, 0x0000000085100000, 0x0000000085100000|100%| E|CS|TAMS 0x0000000085000000, 0x0000000085000000| Complete 
|  81|0x0000000085100000, 0x0000000085200000, 0x0000000085200000|100%| E|CS|TAMS 0x0000000085100000, 0x0000000085100000| Complete 
|  82|0x0000000085200000, 0x0000000085300000, 0x0000000085300000|100%| E|CS|TAMS 0x0000000085200000, 0x0000000085200000| Complete 
|  83|0x0000000085300000, 0x0000000085400000, 0x0000000085400000|100%| E|CS|TAMS 0x0000000085300000, 0x0000000085300000| Complete 
|  84|0x0000000085400000, 0x0000000085500000, 0x0000000085500000|100%| E|CS|TAMS 0x0000000085400000, 0x0000000085400000| Complete 
|  85|0x0000000085500000, 0x0000000085600000, 0x0000000085600000|100%| E|CS|TAMS 0x0000000085500000, 0x0000000085500000| Complete 
|  86|0x0000000085600000, 0x0000000085700000, 0x0000000085700000|100%| E|CS|TAMS 0x0000000085600000, 0x0000000085600000| Complete 
|  87|0x0000000085700000, 0x0000000085800000, 0x0000000085800000|100%| E|CS|TAMS 0x0000000085700000, 0x0000000085700000| Complete 
|  88|0x0000000085800000, 0x0000000085900000, 0x0000000085900000|100%| E|CS|TAMS 0x0000000085800000, 0x0000000085800000| Complete 
|  89|0x0000000085900000, 0x0000000085a00000, 0x0000000085a00000|100%| E|CS|TAMS 0x0000000085900000, 0x0000000085900000| Complete 
|  90|0x0000000085a00000, 0x0000000085b00000, 0x0000000085b00000|100%| E|CS|TAMS 0x0000000085a00000, 0x0000000085a00000| Complete 
|  91|0x0000000085b00000, 0x0000000085c00000, 0x0000000085c00000|100%| E|CS|TAMS 0x0000000085b00000, 0x0000000085b00000| Complete 
|  92|0x0000000085c00000, 0x0000000085d00000, 0x0000000085d00000|100%| E|CS|TAMS 0x0000000085c00000, 0x0000000085c00000| Complete 
|  93|0x0000000085d00000, 0x0000000085e00000, 0x0000000085e00000|100%| E|CS|TAMS 0x0000000085d00000, 0x0000000085d00000| Complete 
|  94|0x0000000085e00000, 0x0000000085f00000, 0x0000000085f00000|100%| E|CS|TAMS 0x0000000085e00000, 0x0000000085e00000| Complete 
|  95|0x0000000085f00000, 0x0000000086000000, 0x0000000086000000|100%| E|CS|TAMS 0x0000000085f00000, 0x0000000085f00000| Complete 
|  96|0x0000000086000000, 0x0000000086100000, 0x0000000086100000|100%| E|CS|TAMS 0x0000000086000000, 0x0000000086000000| Complete 
|  97|0x0000000086100000, 0x0000000086200000, 0x0000000086200000|100%| E|CS|TAMS 0x0000000086100000, 0x0000000086100000| Complete 
|  98|0x0000000086200000, 0x0000000086300000, 0x0000000086300000|100%| E|CS|TAMS 0x0000000086200000, 0x0000000086200000| Complete 
|  99|0x0000000086300000, 0x0000000086400000, 0x0000000086400000|100%| E|CS|TAMS 0x0000000086300000, 0x0000000086300000| Complete 
| 100|0x0000000086400000, 0x0000000086500000, 0x0000000086500000|100%| E|CS|TAMS 0x0000000086400000, 0x0000000086400000| Complete 
| 101|0x0000000086500000, 0x0000000086600000, 0x0000000086600000|100%| E|CS|TAMS 0x0000000086500000, 0x0000000086500000| Complete 
| 102|0x0000000086600000, 0x0000000086700000, 0x0000000086700000|100%| E|CS|TAMS 0x0000000086600000, 0x0000000086600000| Complete 
| 103|0x0000000086700000, 0x0000000086800000, 0x0000000086800000|100%| E|CS|TAMS 0x0000000086700000, 0x0000000086700000| Complete 
| 104|0x0000000086800000, 0x0000000086900000, 0x0000000086900000|100%| E|CS|TAMS 0x0000000086800000, 0x0000000086800000| Complete 
| 105|0x0000000086900000, 0x0000000086a00000, 0x0000000086a00000|100%| E|CS|TAMS 0x0000000086900000, 0x0000000086900000| Complete 
| 106|0x0000000086a00000, 0x0000000086b00000, 0x0000000086b00000|100%| E|CS|TAMS 0x0000000086a00000, 0x0000000086a00000| Complete 
| 107|0x0000000086b00000, 0x0000000086b6e500, 0x0000000086c00000| 43%| S|CS|TAMS 0x0000000086b00000, 0x0000000086b00000| Complete 
| 108|0x0000000086c00000, 0x0000000086d00000, 0x0000000086d00000|100%| E|CS|TAMS 0x0000000086c00000, 0x0000000086c00000| Complete 
| 109|0x0000000086d00000, 0x0000000086e00000, 0x0000000086e00000|100%| E|CS|TAMS 0x0000000086d00000, 0x0000000086d00000| Complete 
| 110|0x0000000086e00000, 0x0000000086f00000, 0x0000000086f00000|100%| E|CS|TAMS 0x0000000086e00000, 0x0000000086e00000| Complete 
| 111|0x0000000086f00000, 0x0000000087000000, 0x0000000087000000|100%| E|CS|TAMS 0x0000000086f00000, 0x0000000086f00000| Complete 
| 112|0x0000000087000000, 0x0000000087100000, 0x0000000087100000|100%| E|  |TAMS 0x0000000087000000, 0x0000000087000000| Complete 

Card table byte_map: [0x000001e39fa30000,0x000001e39fe30000] _byte_map_base: 0x000001e39f630000

Marking Bits (Prev, Next): (CMBitMap*) 0x000001e38c5ffcc8, (CMBitMap*) 0x000001e38c5ffd00
 Prev Bits: [0x000001e3a0230000, 0x000001e3a2230000)
 Next Bits: [0x000001e3a2230000, 0x000001e3a4230000)

Polling page: 0x000001e38a550000

Metaspace:

Usage:
  Non-class:     40.11 MB capacity,    39.48 MB ( 98%) used,   525.45 KB (  1%) free+waste,   112.31 KB ( <1%) overhead. 
      Class:      6.15 MB capacity,     5.74 MB ( 93%) used,   370.10 KB (  6%) free+waste,    53.56 KB ( <1%) overhead. 
       Both:     46.26 MB capacity,    45.22 MB ( 98%) used,   895.55 KB (  2%) free+waste,   165.88 KB ( <1%) overhead. 

Virtual space:
  Non-class space:       42.00 MB reserved,      40.12 MB ( 96%) committed 
      Class space:        1.00 GB reserved,       6.25 MB ( <1%) committed 
             Both:        1.04 GB reserved,      46.37 MB (  4%) committed 

Chunk freelists:
   Non-Class:  14.00 KB
       Class:  6.00 KB
        Both:  20.00 KB

MaxMetaspaceSize: 17179869184.00 GB
CompressedClassSpaceSize: 1.00 GB
Initial GC threshold: 20.80 MB
Current GC threshold: 58.54 MB
CDS: off

CodeHeap 'non-profiled nmethods': size=120000Kb used=1777Kb max_used=1777Kb free=118222Kb
 bounds [0x000001e397ba0000, 0x000001e397e10000, 0x000001e39f0d0000]
CodeHeap 'profiled nmethods': size=120000Kb used=7851Kb max_used=7851Kb free=112148Kb
 bounds [0x000001e390670000, 0x000001e390e20000, 0x000001e397ba0000]
CodeHeap 'non-nmethods': size=5760Kb used=2286Kb max_used=2321Kb free=3473Kb
 bounds [0x000001e3900d0000, 0x000001e390340000, 0x000001e390670000]
 total_blobs=4506 nmethods=3722 adapters=696
 compilation: enabled
              stopped_count=0, restarted_count=0
 full_count=0

Compilation events (20 events):
Event: 5.747 Thread 0x000001e3a7848800 3749       3       java.lang.ref.ReferenceQueue$Lock::<init> (5 bytes)
Event: 5.747 Thread 0x000001e3a7848800 nmethod 3749 0x000001e390e0d510 code [0x000001e390e0d6c0, 0x000001e390e0d818]
Event: 5.772 Thread 0x000001e3a7847800 nmethod 3668 0x000001e397d58c90 code [0x000001e397d58ee0, 0x000001e397d5ac10]
Event: 5.773 Thread 0x000001e3a7847800 3669       4       org.codehaus.groovy.reflection.CachedMethod::getModifiers (8 bytes)
Event: 5.773 Thread 0x000001e3a7847800 nmethod 3669 0x000001e397d5b590 code [0x000001e397d5b720, 0x000001e397d5b798]
Event: 5.773 Thread 0x000001e3a7847800 3713       4       org.objectweb.asm.Frame::execute (2318 bytes)
Event: 5.785 Thread 0x000001e3a7848800 3752       3       java.lang.invoke.LambdaFormEditor::getInCache (186 bytes)
Event: 5.786 Thread 0x000001e3a7848800 nmethod 3752 0x000001e390e0d910 code [0x000001e390e0dba0, 0x000001e390e0eae8]
Event: 5.786 Thread 0x000001e3a7848800 3750       3       java.lang.invoke.LambdaFormEditor$Transform::inRange (36 bytes)
Event: 5.786 Thread 0x000001e3a7848800 nmethod 3750 0x000001e390e0ee90 code [0x000001e390e0f040, 0x000001e390e0f198]
Event: 5.786 Thread 0x000001e3a7848800 3751       3       java.lang.invoke.LambdaFormEditor$Transform::<init> (28 bytes)
Event: 5.786 Thread 0x000001e3a7848800 nmethod 3751 0x000001e390e0f210 code [0x000001e390e0f3e0, 0x000001e390e0f6c8]
Event: 5.849 Thread 0x000001e3a7848800 3757   !   3       java.util.concurrent.locks.AbstractQueuedSynchronizer::acquireQueued (74 bytes)
Event: 5.851 Thread 0x000001e3a7848800 nmethod 3757 0x000001e390e0f810 code [0x000001e390e0fac0, 0x000001e390e10768]
Event: 5.872 Thread 0x000001e3a7848800 3761       3       java.util.regex.Pattern::curly (115 bytes)
Event: 5.873 Thread 0x000001e3a7848800 nmethod 3761 0x000001e390e10c90 code [0x000001e390e10fe0, 0x000001e390e12888]
Event: 5.927 Thread 0x000001e3a7848800 3763       3       java.util.concurrent.locks.AbstractQueuedSynchronizer$Node::compareAndSetWaitStatus (10 bytes)
Event: 5.928 Thread 0x000001e3a7848800 nmethod 3763 0x000001e390e12e90 code [0x000001e390e130a0, 0x000001e390e13618]
Event: 5.928 Thread 0x000001e3a7848800 3764       3       java.lang.invoke.VarHandleGuards::guard_LI_V (103 bytes)
Event: 6.911 Thread 0x000001e3a7848800 nmethod 3764 0x000001e390e13890 code [0x000001e390e13c00, 0x000001e390e156a8]

GC Heap History (20 events):
Event: 2.095 GC heap before
{Heap before GC invocations=3 (full 0):
 garbage-first heap   total 96256K, used 39298K [0x0000000080000000, 0x0000000100000000)
  region size 1024K, 25 young (25600K), 2 survivors (2048K)
 Metaspace       used 20762K, capacity 21121K, committed 21296K, reserved 1069056K
  class space    used 2524K, capacity 2688K, committed 2688K, reserved 1048576K
}
Event: 2.099 GC heap after
{Heap after GC invocations=4 (full 0):
 garbage-first heap   total 96256K, used 17236K [0x0000000080000000, 0x0000000100000000)
  region size 1024K, 3 young (3072K), 3 survivors (3072K)
 Metaspace       used 20762K, capacity 21121K, committed 21296K, reserved 1069056K
  class space    used 2524K, capacity 2688K, committed 2688K, reserved 1048576K
}
Event: 2.498 GC heap before
{Heap before GC invocations=5 (full 0):
 garbage-first heap   total 96256K, used 53076K [0x0000000080000000, 0x0000000100000000)
  region size 1024K, 39 young (39936K), 3 survivors (3072K)
 Metaspace       used 24325K, capacity 24886K, committed 25008K, reserved 1071104K
  class space    used 3097K, capacity 3285K, committed 3328K, reserved 1048576K
}
Event: 2.500 GC heap after
{Heap after GC invocations=6 (full 0):
 garbage-first heap   total 96256K, used 18460K [0x0000000080000000, 0x0000000100000000)
  region size 1024K, 4 young (4096K), 4 survivors (4096K)
 Metaspace       used 24325K, capacity 24886K, committed 25008K, reserved 1071104K
  class space    used 3097K, capacity 3285K, committed 3328K, reserved 1048576K
}
Event: 2.941 GC heap before
{Heap before GC invocations=6 (full 0):
 garbage-first heap   total 96256K, used 58396K [0x0000000080000000, 0x0000000100000000)
  region size 1024K, 43 young (44032K), 4 survivors (4096K)
 Metaspace       used 28403K, capacity 29046K, committed 29232K, reserved 1075200K
  class space    used 3718K, capacity 3956K, committed 3968K, reserved 1048576K
}
Event: 2.945 GC heap after
{Heap after GC invocations=7 (full 0):
 garbage-first heap   total 96256K, used 19929K [0x0000000080000000, 0x0000000100000000)
  region size 1024K, 4 young (4096K), 4 survivors (4096K)
 Metaspace       used 28403K, capacity 29046K, committed 29232K, reserved 1075200K
  class space    used 3718K, capacity 3956K, committed 3968K, reserved 1048576K
}
Event: 3.447 GC heap before
{Heap before GC invocations=7 (full 0):
 garbage-first heap   total 96256K, used 54745K [0x0000000080000000, 0x0000000100000000)
  region size 1024K, 39 young (39936K), 4 survivors (4096K)
 Metaspace       used 34822K, capacity 35605K, committed 35708K, reserved 1081344K
  class space    used 4467K, capacity 4780K, committed 4864K, reserved 1048576K
}
Event: 3.453 GC heap after
{Heap after GC invocations=8 (full 0):
 garbage-first heap   total 96256K, used 22681K [0x0000000080000000, 0x0000000100000000)
  region size 1024K, 6 young (6144K), 6 survivors (6144K)
 Metaspace       used 34822K, capacity 35605K, committed 35708K, reserved 1081344K
  class space    used 4467K, capacity 4780K, committed 4864K, reserved 1048576K
}
Event: 3.822 GC heap before
{Heap before GC invocations=9 (full 0):
 garbage-first heap   total 96256K, used 62617K [0x0000000080000000, 0x0000000100000000)
  region size 1024K, 46 young (47104K), 6 survivors (6144K)
 Metaspace       used 38216K, capacity 39118K, committed 39164K, reserved 1083392K
  class space    used 4880K, capacity 5223K, committed 5248K, reserved 1048576K
}
Event: 3.827 GC heap after
{Heap after GC invocations=10 (full 0):
 garbage-first heap   total 96256K, used 26524K [0x0000000080000000, 0x0000000100000000)
  region size 1024K, 6 young (6144K), 6 survivors (6144K)
 Metaspace       used 38216K, capacity 39118K, committed 39164K, reserved 1083392K
  class space    used 4880K, capacity 5223K, committed 5248K, reserved 1048576K
}
Event: 4.207 GC heap before
{Heap before GC invocations=10 (full 0):
 garbage-first heap   total 96256K, used 70556K [0x0000000080000000, 0x0000000100000000)
  region size 1024K, 46 young (47104K), 6 survivors (6144K)
 Metaspace       used 41514K, capacity 42543K, committed 42620K, reserved 1087488K
  class space    used 5272K, capacity 5630K, committed 5632K, reserved 1048576K
}
Event: 5.220 GC heap after
{Heap after GC invocations=11 (full 0):
 garbage-first heap   total 115712K, used 28982K [0x0000000080000000, 0x0000000100000000)
  region size 1024K, 3 young (3072K), 3 survivors (3072K)
 Metaspace       used 41514K, capacity 42543K, committed 42620K, reserved 1087488K
  class space    used 5272K, capacity 5630K, committed 5632K, reserved 1048576K
}
Event: 5.255 GC heap before
{Heap before GC invocations=11 (full 0):
 garbage-first heap   total 115712K, used 31030K [0x0000000080000000, 0x0000000100000000)
  region size 1024K, 5 young (5120K), 3 survivors (3072K)
 Metaspace       used 41690K, capacity 42704K, committed 43004K, reserved 1087488K
  class space    used 5298K, capacity 5662K, committed 5760K, reserved 1048576K
}
Event: 5.258 GC heap after
{Heap after GC invocations=12 (full 0):
 garbage-first heap   total 115712K, used 29576K [0x0000000080000000, 0x0000000100000000)
  region size 1024K, 1 young (1024K), 1 survivors (1024K)
 Metaspace       used 41690K, capacity 42704K, committed 43004K, reserved 1087488K
  class space    used 5298K, capacity 5662K, committed 5760K, reserved 1048576K
}
Event: 5.319 GC heap before
{Heap before GC invocations=12 (full 0):
 garbage-first heap   total 115712K, used 33672K [0x0000000080000000, 0x0000000100000000)
  region size 1024K, 5 young (5120K), 1 survivors (1024K)
 Metaspace       used 42106K, capacity 43141K, committed 43388K, reserved 1087488K
  class space    used 5366K, capacity 5765K, committed 5888K, reserved 1048576K
}
Event: 5.320 GC heap after
{Heap after GC invocations=13 (full 0):
 garbage-first heap   total 115712K, used 29191K [0x0000000080000000, 0x0000000100000000)
  region size 1024K, 1 young (1024K), 1 survivors (1024K)
 Metaspace       used 42106K, capacity 43141K, committed 43388K, reserved 1087488K
  class space    used 5366K, capacity 5765K, committed 5888K, reserved 1048576K
}
Event: 5.389 GC heap before
{Heap before GC invocations=13 (full 0):
 garbage-first heap   total 115712K, used 33287K [0x0000000080000000, 0x0000000100000000)
  region size 1024K, 5 young (5120K), 1 survivors (1024K)
 Metaspace       used 42575K, capacity 43614K, committed 43900K, reserved 1087488K
  class space    used 5443K, capacity 5838K, committed 5888K, reserved 1048576K
}
Event: 5.390 GC heap after
{Heap after GC invocations=14 (full 0):
 garbage-first heap   total 115712K, used 29196K [0x0000000080000000, 0x0000000100000000)
  region size 1024K, 1 young (1024K), 1 survivors (1024K)
 Metaspace       used 42575K, capacity 43614K, committed 43900K, reserved 1087488K
  class space    used 5443K, capacity 5838K, committed 5888K, reserved 1048576K
}
Event: 5.427 GC heap before
{Heap before GC invocations=14 (full 0):
 garbage-first heap   total 115712K, used 32268K [0x0000000080000000, 0x0000000100000000)
  region size 1024K, 5 young (5120K), 1 survivors (1024K)
 Metaspace       used 42906K, capacity 43870K, committed 44156K, reserved 1087488K
  class space    used 5469K, capacity 5838K, committed 5888K, reserved 1048576K
}
Event: 5.428 GC heap after
{Heap after GC invocations=15 (full 0):
 garbage-first heap   total 115712K, used 29382K [0x0000000080000000, 0x0000000100000000)
  region size 1024K, 1 young (1024K), 1 survivors (1024K)
 Metaspace       used 42906K, capacity 43870K, committed 44156K, reserved 1087488K
  class space    used 5469K, capacity 5838K, committed 5888K, reserved 1048576K
}

Deoptimization events (20 events):
Event: 5.308 Thread 0x000001e3a9d66000 DEOPT PACKING pc=0x000001e397ce4b48 sp=0x000000d0b02f8b60
Event: 5.308 Thread 0x000001e3a9d66000 DEOPT UNPACKING pc=0x000001e39011a1af sp=0x000000d0b02f8b18 mode 2
Event: 5.312 Thread 0x000001e3a9d66000 Uncommon trap: trap_request=0xffffff4d fr.pc=0x000001e397d08870 relative=0x0000000000000310
Event: 5.312 Thread 0x000001e3a9d66000 Uncommon trap: reason=unstable_if action=reinterpret pc=0x000001e397d08870 method=org.gradle.internal.reflect.PropertyAccessorType.isGetGetterName(Ljava/lang/String;)Z @ 14 c2
Event: 5.312 Thread 0x000001e3a9d66000 DEOPT PACKING pc=0x000001e397d08870 sp=0x000000d0b02f9680
Event: 5.312 Thread 0x000001e3a9d66000 DEOPT UNPACKING pc=0x000001e39011a1af sp=0x000000d0b02f95d8 mode 2
Event: 5.329 Thread 0x000001e3a9d66000 DEOPT PACKING pc=0x000001e3909c3068 sp=0x000000d0b02f9180
Event: 5.329 Thread 0x000001e3a9d66000 DEOPT UNPACKING pc=0x000001e39011a95e sp=0x000000d0b02f8688 mode 0
Event: 5.337 Thread 0x000001e3a9d66000 Uncommon trap: trap_request=0xffffff4d fr.pc=0x000001e397d35f08 relative=0x00000000000000e8
Event: 5.337 Thread 0x000001e3a9d66000 Uncommon trap: reason=unstable_if action=reinterpret pc=0x000001e397d35f08 method=org.objectweb.asm.ByteVector.putShort(I)Lorg/objectweb/asm/ByteVector; @ 13 c2
Event: 5.337 Thread 0x000001e3a9d66000 DEOPT PACKING pc=0x000001e397d35f08 sp=0x000000d0b02f90c0
Event: 5.337 Thread 0x000001e3a9d66000 DEOPT UNPACKING pc=0x000001e39011a1af sp=0x000000d0b02f9058 mode 2
Event: 5.374 Thread 0x000001e3a9d66000 Uncommon trap: trap_request=0xffffff4d fr.pc=0x000001e397d28f54 relative=0x00000000000018d4
Event: 5.374 Thread 0x000001e3a9d66000 Uncommon trap: reason=unstable_if action=reinterpret pc=0x000001e397d28f54 method=java.util.concurrent.ConcurrentHashMap.computeIfAbsent(Ljava/lang/Object;Ljava/util/function/Function;)Ljava/lang/Object; @ 123 c2
Event: 5.374 Thread 0x000001e3a9d66000 DEOPT PACKING pc=0x000001e397d28f54 sp=0x000000d0b02fa540
Event: 5.374 Thread 0x000001e3a9d66000 DEOPT UNPACKING pc=0x000001e39011a1af sp=0x000000d0b02fa4d0 mode 2
Event: 5.497 Thread 0x000001e3a9d66000 Uncommon trap: trap_request=0xffffff7e fr.pc=0x000001e397c9a49c relative=0x000000000000023c
Event: 5.497 Thread 0x000001e3a9d66000 Uncommon trap: reason=predicate action=maybe_recompile pc=0x000001e397c9a49c method=com.google.common.base.CharMatcher.indexIn(Ljava/lang/CharSequence;I)I @ 19 c2
Event: 5.497 Thread 0x000001e3a9d66000 DEOPT PACKING pc=0x000001e397c9a49c sp=0x000000d0b02f80e0
Event: 5.497 Thread 0x000001e3a9d66000 DEOPT UNPACKING pc=0x000001e39011a1af sp=0x000000d0b02f8088 mode 2

Classes redefined (0 events):
No events

Internal exceptions (20 events):
Event: 4.050 Thread 0x000001e3a9d66000 Exception <a 'java/lang/ClassNotFoundException'{0x0000000084463e10}: org/gradle/initialization/DefaultProjectDescriptorBeanInfo> (0x0000000084463e10) thrown at [./src/hotspot/share/classfile/systemDictionary.cpp, line 231]
Event: 4.050 Thread 0x000001e3a9d66000 Exception <a 'java/lang/ClassNotFoundException'{0x000000008448a5d8}: org/gradle/initialization/DefaultProjectDescriptorCustomizer> (0x000000008448a5d8) thrown at [./src/hotspot/share/classfile/systemDictionary.cpp, line 231]
Event: 4.052 Thread 0x000001e3a9d66000 Implicit null exception at 0x000001e397cde46c to 0x000001e397cde514
Event: 4.171 Thread 0x000001e3a9d0e000 Exception <a 'java/lang/NoSuchMethodError'{0x000000008398efa8}: <clinit>> (0x000000008398efa8) thrown at [./src/hotspot/share/prims/jni.cpp, line 1366]
Event: 4.172 Thread 0x000001e3a9d0e000 Exception <a 'java/lang/NoSuchMethodError'{0x0000000083990698}: <clinit>> (0x0000000083990698) thrown at [./src/hotspot/share/prims/jni.cpp, line 1366]
Event: 4.173 Thread 0x000001e3a9d0e000 Exception <a 'java/lang/NoSuchMethodError'{0x000000008399fe58}: <clinit>> (0x000000008399fe58) thrown at [./src/hotspot/share/prims/jni.cpp, line 1366]
Event: 4.173 Thread 0x000001e3a9d0e000 Exception <a 'java/lang/NoSuchMethodError'{0x00000000839a21e0}: <clinit>> (0x00000000839a21e0) thrown at [./src/hotspot/share/prims/jni.cpp, line 1366]
Event: 4.174 Thread 0x000001e3a9d0e000 Exception <a 'java/lang/NoSuchMethodError'{0x0000000083807c88}: <clinit>> (0x0000000083807c88) thrown at [./src/hotspot/share/prims/jni.cpp, line 1366]
Event: 5.307 Thread 0x000001e3a9d66000 Implicit null exception at 0x000001e397c81f74 to 0x000001e397c821b4
Event: 5.308 Thread 0x000001e3a9d66000 Implicit null exception at 0x000001e397c11df8 to 0x000001e397c11e8a
Event: 5.482 Thread 0x000001e3a9d66000 Exception <a 'java/lang/ClassNotFoundException'{0x0000000086d80260}: build_5b5owb8kgs5e97hskjuwi6dgiBeanInfo> (0x0000000086d80260) thrown at [./src/hotspot/share/classfile/systemDictionary.cpp, line 231]
Event: 5.483 Thread 0x000001e3a9d66000 Exception <a 'java/lang/ClassNotFoundException'{0x0000000086d97618}: org/gradle/api/internal/project/ProjectScriptBeanInfo> (0x0000000086d97618) thrown at [./src/hotspot/share/classfile/systemDictionary.cpp, line 231]
Event: 5.483 Thread 0x000001e3a9d66000 Exception <a 'java/lang/ClassNotFoundException'{0x0000000086daee48}: org/gradle/api/internal/project/ProjectScriptCustomizer> (0x0000000086daee48) thrown at [./src/hotspot/share/classfile/systemDictionary.cpp, line 231]
Event: 5.484 Thread 0x000001e3a9d66000 Exception <a 'java/lang/ClassNotFoundException'{0x0000000086dcad18}: build_5b5owb8kgs5e97hskjuwi6dgiCustomizer> (0x0000000086dcad18) thrown at [./src/hotspot/share/classfile/systemDictionary.cpp, line 231]
Event: 5.493 Thread 0x000001e3a9d66000 Exception <a 'java/lang/ClassNotFoundException'{0x0000000086c5f9c8}: org/gradle/plugin/use/internal/PluginRequestCollector$PluginDependenciesSpecImplBeanInfo> (0x0000000086c5f9c8) thrown at [./src/hotspot/share/classfile/systemDictionary.cpp, line 231]
Event: 5.493 Thread 0x000001e3a9d66000 Exception <a 'java/lang/ClassNotFoundException'{0x0000000086c8f1c0}: org/gradle/plugin/use/internal/PluginRequestCollector$PluginDependenciesSpecImplCustomizer> (0x0000000086c8f1c0) thrown at [./src/hotspot/share/classfile/systemDictionary.cpp, line 231]
Event: 5.498 Thread 0x000001e3a9d66000 Exception <a 'java/lang/ClassNotFoundException'{0x0000000086cf85d8}: org/gradle/plugin/use/internal/PluginRequestCollector$PluginDependencySpecImplBeanInfo> (0x0000000086cf85d8) thrown at [./src/hotspot/share/classfile/systemDictionary.cpp, line 231]
Event: 5.499 Thread 0x000001e3a9d66000 Exception <a 'java/lang/ClassNotFoundException'{0x0000000086a27178}: org/gradle/plugin/use/internal/PluginRequestCollector$PluginDependencySpecImplCustomizer> (0x0000000086a27178) thrown at [./src/hotspot/share/classfile/systemDictionary.cpp, line 231]
Event: 5.833 Thread 0x000001e3a9d66000 Exception <a 'java/lang/NoSuchMethodError'{0x000000008529af28}: 'int java.lang.invoke.DirectMethodHandle$Holder.invokeInterface(java.lang.Object, java.lang.Object)'> (0x000000008529af28) thrown at [./src/hotspot/share/interpreter/linkResolver.cpp, line 773]
Event: 5.834 Thread 0x000001e3a9d66000 Exception <a 'java/lang/IncompatibleClassChangeError'{0x000000008529ea08}: Found class java.lang.Object, but interface was expected> (0x000000008529ea08) thrown at [./src/hotspot/share/interpreter/linkResolver.cpp, line 839]

Events (20 events):
Event: 5.892 loading class org/gradle/api/internal/artifacts/repositories/resolver/MavenUniqueSnapshotComponentIdentifier
Event: 5.892 loading class org/gradle/api/internal/artifacts/repositories/resolver/MavenUniqueSnapshotComponentIdentifier done
Event: 5.893 loading class org/gradle/api/internal/artifacts/ivyservice/resolveengine/result/ComponentIdentifierSerializer$Implementation
Event: 5.893 loading class org/gradle/api/internal/artifacts/ivyservice/resolveengine/result/ComponentIdentifierSerializer$Implementation done
Event: 5.894 loading class org/gradle/api/internal/artifacts/ivyservice/resolutionstrategy/DefaultCachePolicy$CachedModuleResolutionControl
Event: 5.894 loading class org/gradle/api/internal/artifacts/ivyservice/resolutionstrategy/DefaultCachePolicy$CachedModuleResolutionControl done
Event: 5.895 loading class org/gradle/api/internal/artifacts/ivyservice/resolutionstrategy/DefaultCachePolicy$AbstractResolutionControl
Event: 5.895 loading class org/gradle/api/internal/artifacts/ivyservice/resolutionstrategy/DefaultCachePolicy$AbstractResolutionControl done
Event: 5.896 loading class org/gradle/api/internal/artifacts/repositories/resolver/MetadataFetchingCost
Event: 5.896 loading class org/gradle/api/internal/artifacts/repositories/resolver/MetadataFetchingCost done
Event: 5.900 loading class org/gradle/internal/resource/local/DefaultLocallyAvailableResource
Event: 5.900 loading class org/gradle/internal/resource/local/DefaultLocallyAvailableResource done
Event: 5.901 loading class org/gradle/internal/resource/local/AbstractLocallyAvailableResource
Event: 5.901 loading class org/gradle/internal/resource/local/AbstractLocallyAvailableResource done
Event: 5.902 loading class org/gradle/internal/hash/ChecksumService
Event: 5.902 loading class org/gradle/internal/hash/ChecksumService done
Event: 5.902 loading class org/gradle/internal/hash/HashCode
Event: 5.902 loading class org/gradle/internal/hash/HashCode done
Event: 5.902 loading class org/gradle/internal/hash/ChecksumService
Event: 5.902 loading class org/gradle/internal/hash/ChecksumService done


Dynamic libraries:
0x00007ff61e250000 - 0x00007ff61e25a000 	C:\Program Files\Android\Android Studio\jre\bin\java.exe
0x00007ffaf8fb0000 - 0x00007ffaf91c5000 	C:\WINDOWS\SYSTEM32\ntdll.dll
0x00007ffaf8120000 - 0x00007ffaf81e5000 	C:\WINDOWS\System32\KERNEL32.DLL
0x00007ffaf6530000 - 0x00007ffaf68cd000 	C:\WINDOWS\System32\KERNELBASE.dll
0x00007ffaf6b70000 - 0x00007ffaf6c85000 	C:\WINDOWS\System32\ucrtbase.dll
0x00007ffae4730000 - 0x00007ffae4749000 	C:\Program Files\Android\Android Studio\jre\bin\jli.dll
0x00007ffae4280000 - 0x00007ffae4297000 	C:\Program Files\Android\Android Studio\jre\bin\VCRUNTIME140.dll
0x00007ffaf8270000 - 0x00007ffaf8420000 	C:\WINDOWS\System32\USER32.dll
0x00007ffaf6d20000 - 0x00007ffaf6d46000 	C:\WINDOWS\System32\win32u.dll
0x00007ffaf7ab0000 - 0x00007ffaf7ad8000 	C:\WINDOWS\System32\GDI32.dll
0x00007ffaf68d0000 - 0x00007ffaf69e9000 	C:\WINDOWS\System32\gdi32full.dll
0x00007ffaf6350000 - 0x00007ffaf63e9000 	C:\WINDOWS\System32\msvcp_win.dll
0x00007ffadcea0000 - 0x00007ffadd132000 	C:\WINDOWS\WinSxS\amd64_microsoft.windows.common-controls_6595b64144ccf1df_6.0.25267.1000_none_7aa5b59bf34adbaf\COMCTL32.dll
0x00007ffaf8a90000 - 0x00007ffaf8b37000 	C:\WINDOWS\System32\msvcrt.dll
0x00007ffaf7190000 - 0x00007ffaf71c0000 	C:\WINDOWS\System32\IMM32.DLL
0x00007ffae1a90000 - 0x00007ffae1b2d000 	C:\Program Files\Android\Android Studio\jre\bin\msvcp140.dll
0x00007ffab90f0000 - 0x00007ffab9bf2000 	C:\Program Files\Android\Android Studio\jre\bin\server\jvm.dll
0x00007ffaf8070000 - 0x00007ffaf811e000 	C:\WINDOWS\System32\ADVAPI32.dll
0x00007ffaf7ae0000 - 0x00007ffaf7b86000 	C:\WINDOWS\System32\sechost.dll
0x00007ffaf8e40000 - 0x00007ffaf8f69000 	C:\WINDOWS\System32\RPCRT4.dll
0x00007ffaf8b40000 - 0x00007ffaf8b48000 	C:\WINDOWS\System32\PSAPI.DLL
0x00007ffad0e70000 - 0x00007ffad0e79000 	C:\WINDOWS\SYSTEM32\WSOCK32.dll
0x00007ffaef550000 - 0x00007ffaef585000 	C:\WINDOWS\SYSTEM32\WINMM.dll
0x00007ffaf7040000 - 0x00007ffaf70af000 	C:\WINDOWS\System32\WS2_32.dll
0x00007ffaef3b0000 - 0x00007ffaef3ba000 	C:\WINDOWS\SYSTEM32\VERSION.dll
0x00007ffaf5320000 - 0x00007ffaf5338000 	C:\WINDOWS\SYSTEM32\kernel.appcore.dll
0x00007ffaecb80000 - 0x00007ffaecb91000 	C:\Program Files\Android\Android Studio\jre\bin\verify.dll
0x00007ffaf4070000 - 0x00007ffaf42a2000 	C:\WINDOWS\SYSTEM32\DBGHELP.DLL
0x00007ffaf7cd0000 - 0x00007ffaf8054000 	C:\WINDOWS\System32\combase.dll
0x00007ffaf71d0000 - 0x00007ffaf72a8000 	C:\WINDOWS\System32\OLEAUT32.dll
0x00007ffae5520000 - 0x00007ffae5552000 	C:\WINDOWS\SYSTEM32\dbgcore.DLL
0x00007ffaf6c90000 - 0x00007ffaf6d14000 	C:\WINDOWS\System32\bcryptPrimitives.dll
0x00007ffaecb50000 - 0x00007ffaecb79000 	C:\Program Files\Android\Android Studio\jre\bin\java.dll
0x00007ffaefb00000 - 0x00007ffaefb0b000 	C:\Program Files\Android\Android Studio\jre\bin\jimage.dll
0x00007ffaecb30000 - 0x00007ffaecb48000 	C:\Program Files\Android\Android Studio\jre\bin\zip.dll
0x00007ffaf72b0000 - 0x00007ffaf7aaa000 	C:\WINDOWS\System32\SHELL32.dll
0x00007ffaf42f0000 - 0x00007ffaf4b76000 	C:\WINDOWS\SYSTEM32\windows.storage.dll
0x00007ffaf8980000 - 0x00007ffaf8a67000 	C:\WINDOWS\System32\SHCORE.dll
0x00007ffaf8910000 - 0x00007ffaf896e000 	C:\WINDOWS\System32\shlwapi.dll
0x00007ffaf6270000 - 0x00007ffaf6291000 	C:\WINDOWS\SYSTEM32\profapi.dll
0x00007ffaecb10000 - 0x00007ffaecb2a000 	C:\Program Files\Android\Android Studio\jre\bin\net.dll
0x00007ffaeecd0000 - 0x00007ffaeedfd000 	C:\WINDOWS\SYSTEM32\WINHTTP.dll
0x00007ffaf5790000 - 0x00007ffaf57f9000 	C:\WINDOWS\system32\mswsock.dll
0x00007ffaecaf0000 - 0x00007ffaecb04000 	C:\Program Files\Android\Android Studio\jre\bin\nio.dll
0x00007ffaef690000 - 0x00007ffaef6b7000 	C:\Users\LENOVO\.gradle\native\e1d6ef7f7dcc3fd88c89a11ec53ec762bb8ba0a96d01ffa2cd45eb1d1d8dd5c5\windows-amd64\native-platform.dll
0x00007ffad08e0000 - 0x00007ffad0a24000 	C:\Users\LENOVO\.gradle\native\0d407fdbe67a94daf76414ababcb853783967236a71b16ec16e742cd7a986fd3\windows-amd64\native-platform-file-events.dll
0x00007ffaef720000 - 0x00007ffaef72a000 	C:\Program Files\Android\Android Studio\jre\bin\management.dll
0x00007ffaef670000 - 0x00007ffaef67d000 	C:\Program Files\Android\Android Studio\jre\bin\management_ext.dll
0x00007ffaf5a30000 - 0x00007ffaf5a4b000 	C:\WINDOWS\SYSTEM32\CRYPTSP.dll
0x00007ffaf5280000 - 0x00007ffaf52b4000 	C:\WINDOWS\system32\rsaenh.dll
0x00007ffaf5890000 - 0x00007ffaf58b8000 	C:\WINDOWS\SYSTEM32\USERENV.dll
0x00007ffaf5c50000 - 0x00007ffaf5c78000 	C:\WINDOWS\SYSTEM32\bcrypt.dll
0x00007ffaf5a20000 - 0x00007ffaf5a2c000 	C:\WINDOWS\SYSTEM32\CRYPTBASE.dll
0x00007ffaf4e20000 - 0x00007ffaf4e4e000 	C:\WINDOWS\SYSTEM32\IPHLPAPI.DLL
0x00007ffaf7180000 - 0x00007ffaf7189000 	C:\WINDOWS\System32\NSI.dll
0x00007ffaeecb0000 - 0x00007ffaeecc9000 	C:\WINDOWS\SYSTEM32\dhcpcsvc6.DLL
0x00007ffaeea90000 - 0x00007ffaeeaaf000 	C:\WINDOWS\SYSTEM32\dhcpcsvc.DLL
0x00007ffaf4eb0000 - 0x00007ffaf4fb0000 	C:\WINDOWS\SYSTEM32\DNSAPI.dll

dbghelp: loaded successfully - version: 4.0.5 - missing functions: none
symbol engine: initialized successfully - sym options: 0x614 - pdb path: .;C:\Program Files\Android\Android Studio\jre\bin;C:\WINDOWS\SYSTEM32;C:\WINDOWS\WinSxS\amd64_microsoft.windows.common-controls_6595b64144ccf1df_6.0.25267.1000_none_7aa5b59bf34adbaf;C:\Program Files\Android\Android Studio\jre\bin\server;C:\Users\LENOVO\.gradle\native\e1d6ef7f7dcc3fd88c89a11ec53ec762bb8ba0a96d01ffa2cd45eb1d1d8dd5c5\windows-amd64;C:\Users\LENOVO\.gradle\native\0d407fdbe67a94daf76414ababcb853783967236a71b16ec16e742cd7a986fd3\windows-amd64

VM Arguments:
jvm_args: --add-opens=java.base/java.util=ALL-UNNAMED --add-opens=java.base/java.lang=ALL-UNNAMED --add-opens=java.base/java.lang.invoke=ALL-UNNAMED --add-opens=java.base/java.util=ALL-UNNAMED --add-opens=java.prefs/java.util.prefs=ALL-UNNAMED --add-opens=java.prefs/java.util.prefs=ALL-UNNAMED --add-opens=java.base/java.nio.charset=ALL-UNNAMED --add-opens=java.base/java.net=ALL-UNNAMED --add-opens=java.base/java.util.concurrent.atomic=ALL-UNNAMED -Xmx2048m -Dfile.encoding=UTF-8 -Duser.country=US -Duser.language=en -Duser.variant 
java_command: org.gradle.launcher.daemon.bootstrap.GradleDaemon 7.4
java_class_path (initial): C:\Users\LENOVO\.gradle\wrapper\dists\gradle-7.4-bin\c0gwcg53nkjbqw7r0h0umtfvt\gradle-7.4\lib\gradle-launcher-7.4.jar
Launcher Type: SUN_STANDARD

[Global flags]
     intx CICompilerCount                          = 4                                         {product} {ergonomic}
     uint ConcGCThreads                            = 3                                         {product} {ergonomic}
     uint G1ConcRefinementThreads                  = 10                                        {product} {ergonomic}
   size_t G1HeapRegionSize                         = 1048576                                   {product} {ergonomic}
    uintx GCDrainStackTargetSize                   = 64                                        {product} {ergonomic}
   size_t InitialHeapSize                          = 98566144                                  {product} {ergonomic}
   size_t MarkStackSize                            = 4194304                                   {product} {ergonomic}
   size_t MaxHeapSize                              = 2147483648                                {product} {command line}
   size_t MaxNewSize                               = 1287651328                                {product} {ergonomic}
   size_t MinHeapDeltaBytes                        = 1048576                                   {product} {ergonomic}
    uintx NonNMethodCodeHeapSize                   = 5836300                                {pd product} {ergonomic}
    uintx NonProfiledCodeHeapSize                  = 122910970                              {pd product} {ergonomic}
    uintx ProfiledCodeHeapSize                     = 122910970                              {pd product} {ergonomic}
    uintx ReservedCodeCacheSize                    = 251658240                              {pd product} {ergonomic}
     bool SegmentedCodeCache                       = true                                      {product} {ergonomic}
     bool UseCompressedClassPointers               = true                                 {lp64_product} {ergonomic}
     bool UseCompressedOops                        = true                                 {lp64_product} {ergonomic}
     bool UseG1GC                                  = true                                      {product} {ergonomic}
     bool UseLargePagesIndividualAllocation        = false                                  {pd product} {ergonomic}

Logging:
Log output configuration:
 #0: stdout all=warning uptime,level,tags
 #1: stderr all=off uptime,level,tags

Environment Variables:
PATH=C:\WINDOWS\system32;C:\WINDOWS;C:\WINDOWS\System32\Wbem;C:\WINDOWS\System32\WindowsPowerShell\v1.0\;C:\WINDOWS\System32\OpenSSH\;C:\Program Files\Git\cmd;C:\xampp\php;C:\wamp64\bin\mysql\mysql5.7.36\bin;C:\Program Files\nodejs\;C:\Users\LENOVO\AppData\Local\Programs\Python\Python39\Scripts\;C:\Users\LENOVO\AppData\Local\Programs\Python\Python39\;C:\Users\LENOVO\AppData\Local\Programs\Python\Launcher\;C:\Users\LENOVO\AppData\Local\Microsoft\WindowsApps;C:\Users\LENOVO\AppData\Local\Programs\Microsoft VS Code\bin;C:\Program Files\CodeBlocks\MinGW\bin;C:\xampp\php;C:\Users\LENOVO\AppData\Roaming\npm;
USERNAME=Hilmi Hanif
OS=Windows_NT
PROCESSOR_IDENTIFIER=AMD64 Family 23 Model 104 Stepping 1, AuthenticAMD



---------------  S Y S T E M  ---------------

OS: Windows 11 , 64 bit Build 25267 (10.0.25267.1000)
OS uptime: 0 days 4:52 hours

CPU:total 12 (initial active 12) (12 cores per cpu, 2 threads per core) family 23 model 104 stepping 1 microcode 0x8608103, cmov, cx8, fxsr, mmx, sse, sse2, sse3, ssse3, sse4.1, sse4.2, popcnt, avx, avx2, aes, clmul, mmxext, 3dnowpref, lzcnt, sse4a, ht, tsc, tscinvbit, tscinv, bmi1, bmi2, adx, sha, fma

Memory: 4k page, system-wide physical 6005M (253M free)
TotalPageFile size 14197M (AvailPageFile size 22M)
current process WorkingSet (physical memory assigned to process): 260M, peak: 260M
current process commit charge ("private bytes"): 302M, peak: 304M

vm_info: OpenJDK 64-Bit Server VM (11.0.13+0-b1751.21-8125866) for windows-amd64 JRE (11.0.13+0-b1751.21-8125866), built on Feb  2 2022 03:00:22 by "builder" with MS VC++ 14.0 (VS2015)

END.
